#
# A fatal error has been detected by the Java Runtime Environment:
#
#  EXCEPTION_ACCESS_VIOLATION (0xc0000005) at pc=0x0000000002b544f0, pid=16320, tid=20032
#
# JRE version: Java(TM) SE Runtime Environment (21.0.1+12) (build 21.0.1+12-LTS-29)
# Java VM: Java HotSpot(TM) 64-Bit Server VM (21.0.1+12-LTS-29, mixed mode, sharing, tiered, compressed oops, compressed class ptrs, g1 gc, windows-amd64)
# Problematic frame:
# C  [libnd4jcpu.dll+0xd944f0]
#
# No core dump will be written. Minidumps are not enabled by default on client versions of Windows
#
# If you would like to submit a bug report, please visit:
#   https://bugreport.java.com/bugreport/crash.jsp
# The crash happened outside the Java Virtual Machine in native code.
# See problematic frame for where to report the bug.
#

---------------  S U M M A R Y ------------

Command Line: -javaagent:C:\Program Files\JetBrains\IntelliJ IDEA Community Edition 2023.2.5\lib\idea_rt.jar=61633:C:\Program Files\JetBrains\IntelliJ IDEA Community Edition 2023.2.5\bin -Dfile.encoding=UTF-8 -Dsun.stdout.encoding=UTF-8 -Dsun.stderr.encoding=UTF-8 com.example.basics.SpeechRecognition

Host: 11th Gen Intel(R) Core(TM) i5-11400H @ 2.70GHz, 12 cores, 31G,  Windows 10 , 64 bit Build 19041 (10.0.19041.3636)
Time: Fri Apr 19 09:41:39 2024  Windows 10 , 64 bit Build 19041 (10.0.19041.3636) elapsed time: 12.445626 seconds (0d 0h 0m 12s)

---------------  T H R E A D  ---------------

Current thread (0x000001e0b4746040):  JavaThread "main"             [_thread_in_native, id=20032, stack(0x000000772f200000,0x000000772f300000) (1024K)]

Stack: [0x000000772f200000,0x000000772f300000],  sp=0x000000772f2fe788,  free space=1017k
Native frames: (J=compiled Java code, j=interpreted, Vv=VM code, C=native code)
C  [libnd4jcpu.dll+0xd944f0]

Java frames: (J=compiled Java code, j=interpreted, Vv=VM code)
j  org.nd4j.nativeblas.Nd4jCpu.execTransformAny(Lorg/bytedeco/javacpp/PointerPointer;ILorg/nd4j/nativeblas/OpaqueDataBuffer;Lorg/bytedeco/javacpp/LongPointer;Lorg/bytedeco/javacpp/LongPointer;Lorg/nd4j/nativeblas/OpaqueDataBuffer;Lorg/bytedeco/javacpp/LongPointer;Lorg/bytedeco/javacpp/LongPointer;Lorg/bytedeco/javacpp/Pointer;)V+0
j  org.nd4j.linalg.cpu.nativecpu.ops.NativeOpExecutioner.exec(Lorg/nd4j/linalg/api/ops/TransformOp;Lorg/nd4j/linalg/api/ops/OpContext;)V+1283
j  org.nd4j.linalg.cpu.nativecpu.ops.NativeOpExecutioner.exec(Lorg/nd4j/linalg/api/ops/Op;Lorg/nd4j/linalg/api/ops/OpContext;)Lorg/nd4j/linalg/api/ndarray/INDArray;+42
j  org.nd4j.linalg.cpu.nativecpu.ops.NativeOpExecutioner.exec(Lorg/nd4j/linalg/api/ops/Op;)Lorg/nd4j/linalg/api/ndarray/INDArray;+3
j  org.nd4j.linalg.api.ndarray.BaseNDArray.assign(Lorg/nd4j/linalg/api/ndarray/INDArray;)Lorg/nd4j/linalg/api/ndarray/INDArray;+96
j  org.nd4j.linalg.api.ndarray.BaseNDArray.castTo(Lorg/nd4j/linalg/api/buffer/DataType;)Lorg/nd4j/linalg/api/ndarray/INDArray;+44
j  org.deeplearning4j.nn.layers.BaseLayer.preOutputWithPreNorm(ZZLorg/deeplearning4j/nn/workspace/LayerWorkspaceMgr;)Lorg/nd4j/common/primitives/Pair;+58
j  org.deeplearning4j.nn.layers.BaseLayer.preOutput(ZLorg/deeplearning4j/nn/workspace/LayerWorkspaceMgr;)Lorg/nd4j/linalg/api/ndarray/INDArray;+4
j  org.deeplearning4j.nn.layers.BaseLayer.activate(ZLorg/deeplearning4j/nn/workspace/LayerWorkspaceMgr;)Lorg/nd4j/linalg/api/ndarray/INDArray;+3
j  org.deeplearning4j.nn.layers.AbstractLayer.activate(Lorg/nd4j/linalg/api/ndarray/INDArray;ZLorg/deeplearning4j/nn/workspace/LayerWorkspaceMgr;)Lorg/nd4j/linalg/api/ndarray/INDArray;+9
j  org.deeplearning4j.nn.multilayer.MultiLayerNetwork.ffToLayerActivationsInWs(ILorg/deeplearning4j/nn/api/FwdPassType;ZLorg/nd4j/linalg/api/ndarray/INDArray;Lorg/nd4j/linalg/api/ndarray/INDArray;Lorg/nd4j/linalg/api/ndarray/INDArray;)Ljava/util/List;+383
j  org.deeplearning4j.nn.multilayer.MultiLayerNetwork.computeGradientAndScore()V+238
j  org.deeplearning4j.nn.multilayer.MultiLayerNetwork.computeGradientAndScore(Lorg/deeplearning4j/nn/workspace/LayerWorkspaceMgr;)V+1
j  org.deeplearning4j.optimize.solvers.BaseOptimizer.gradientAndScore(Lorg/deeplearning4j/nn/workspace/LayerWorkspaceMgr;)Lorg/nd4j/common/primitives/Pair;+13
j  org.deeplearning4j.optimize.solvers.StochasticGradientDescent.optimize(Lorg/deeplearning4j/nn/workspace/LayerWorkspaceMgr;)Z+85
j  org.deeplearning4j.optimize.Solver.optimize(Lorg/deeplearning4j/nn/workspace/LayerWorkspaceMgr;)V+9
j  org.deeplearning4j.nn.multilayer.MultiLayerNetwork.fitHelper(Lorg/nd4j/linalg/api/ndarray/INDArray;Lorg/nd4j/linalg/api/ndarray/INDArray;Lorg/nd4j/linalg/api/ndarray/INDArray;Lorg/nd4j/linalg/api/ndarray/INDArray;)V+287
j  org.deeplearning4j.nn.multilayer.MultiLayerNetwork.fit(Lorg/nd4j/linalg/api/ndarray/INDArray;Lorg/nd4j/linalg/api/ndarray/INDArray;Lorg/nd4j/linalg/api/ndarray/INDArray;Lorg/nd4j/linalg/api/ndarray/INDArray;)V+6
j  org.deeplearning4j.nn.multilayer.MultiLayerNetwork.fit(Lorg/nd4j/linalg/dataset/api/DataSet;)V+25
j  com.example.basics.SpeechRecognition.trainModel()Lorg/deeplearning4j/nn/multilayer/MultiLayerNetwork;+105
j  com.example.basics.SpeechRecognition.trainModelIfNeeded()V+49
j  com.example.basics.SpeechRecognition.main([Ljava/lang/String;)V+75
v  ~StubRoutines::call_stub 0x000001e0c40510e7

siginfo: EXCEPTION_ACCESS_VIOLATION (0xc0000005), writing address 0x0000000000000050


Registers:
RAX=0x000001e14d2ec9b0, RBX=0x000001e11f910a40, RCX=0x0000000000000000, RDX=0x0000000000000003
RSP=0x000000772f2fe788, RBP=0x000001e14d34a0e0, RSI=0x000001e14d58eb20, RDI=0x0000000000000003
R8 =0x0000000000000000, R9 =0x0000000005c9b8a5, R10=0x00007ff9c56b08a0, R11=0x5d3f6235e0bfff1e
R12=0x0000000000000000, R13=0x0000000000000000, R14=0x0000000000000004, R15=0x0000000000000000
RIP=0x0000000002b544f0, EFLAGS=0x0000000000010212


Register to memory mapping:

RAX=0x000001e14d2ec9b0 points into unknown readable memory: 0x0000000000000000 | 00 00 00 00 00 00 00 00
RBX=0x000001e11f910a40 points into unknown readable memory: 0x000001e14d2e3f80 | 80 3f 2e 4d e1 01 00 00
RCX=0x0 is null
RDX=0x0000000000000003 is an unknown value
RSP=0x000000772f2fe788 is pointing into the stack for thread: 0x000001e0b4746040
RBP=0x000001e14d34a0e0 points into unknown readable memory: 0x0000000000000002 | 02 00 00 00 00 00 00 00
RSI=0x000001e14d58eb20 points into unknown readable memory: 0x0000000000000000 | 00 00 00 00 00 00 00 00
RDI=0x0000000000000003 is an unknown value
R8 =0x0 is null
R9 =0x0000000005c9b8a5 libnd4jcpu.dll
R10=0x00007ff9c56b08a0 AcLayers.DLL
R11=0x5d3f6235e0bfff1e is an unknown value
R12=0x0 is null
R13=0x0 is null
R14=0x0000000000000004 is an unknown value
R15=0x0 is null

Top of Stack: (sp=0x000000772f2fe788)
0x000000772f2fe788:   0000000002b50635 000001e14d58eb20
0x000000772f2fe798:   0000000000000004 000000772f2fe8d0
0x000000772f2fe7a8:   0000000002b50c71 000001e11f910a88
0x000000772f2fe7b8:   0000000000000001 000000772f2fe8d0
0x000000772f2fe7c8:   000001e14d58eb20 0000000000000004
0x000000772f2fe7d8:   000001e14d34a0e0 0000000000000004
0x000000772f2fe7e8:   000000772f2fe8d0 0000000000000004
0x000000772f2fe7f8:   0000000002b52c47 0000000000000000
0x000000772f2fe808:   0000000000000000 0000000000000000
0x000000772f2fe818:   0000000000000000 0000000000000001
0x000000772f2fe828:   0000000000000004 0000000000000040
0x000000772f2fe838:   00007ffa1e0d9d40 0000000000000040
0x000000772f2fe848:   0000000000000000 000001e14d34a0e0
0x000000772f2fe858:   000001e14d58eb20 000001e14d34a260
0x000000772f2fe868:   000001e14d58eb20 0000000000000000
0x000000772f2fe878:   000001e14d34a0e0 0000000000000004
0x000000772f2fe888:   000000772f2fe8d0 0000000000000000
0x000000772f2fe898:   0000000001df5b18 0000000000000000
0x000000772f2fe8a8:   0000000000000000 0000000000000000
0x000000772f2fe8b8:   0000000000000000 0000000000000000
0x000000772f2fe8c8:   0000000500000006 000001e14d34a2e0
0x000000772f2fe8d8:   0000000002c35bc0 0000000001dd8020
0x000000772f2fe8e8:   0000000001dc2ca0 0000000000000000
0x000000772f2fe8f8:   000001e14ce0b120 0000000000000000
0x000000772f2fe908:   0000000001dfacdb 000000772f2fe918
0x000000772f2fe918:   00007ff900000000 000001e14d1e50c0
0x000000772f2fe928:   000001e14d34a260 0000000000000000
0x000000772f2fe938:   0000000000000000 000001e14d58eb20
0x000000772f2fe948:   000001e14d34a0e0 0000000000000000
0x000000772f2fe958:   0000000000000000 0000000000000000
0x000000772f2fe968:   0000000000000000 0000000000000000
0x000000772f2fe978:   0000000000000001 0000000000000000 

Instructions: (pc=0x0000000002b544f0)
0x0000000002b543f0:   29 84 24 80 00 00 00 4d 89 e9 41 89 f0 44 89 e2
0x0000000002b54400:   4c 89 f1 48 8b 84 24 20 01 00 00 48 89 44 24 60
0x0000000002b54410:   48 8b 84 24 18 01 00 00 48 89 44 24 58 48 8b 84
0x0000000002b54420:   24 10 01 00 00 48 89 44 24 50 48 8b 84 24 08 01
0x0000000002b54430:   00 00 48 89 44 24 48 48 8b 84 24 00 01 00 00 48
0x0000000002b54440:   89 44 24 40 48 8b 84 24 f8 00 00 00 48 89 44 24
0x0000000002b54450:   38 48 8b 84 24 f0 00 00 00 48 89 44 24 30 48 8b
0x0000000002b54460:   84 24 e8 00 00 00 48 89 44 24 28 48 8b 84 24 e0
0x0000000002b54470:   00 00 00 48 89 44 24 20 e8 23 a5 ff ff 48 8b 84
0x0000000002b54480:   24 80 00 00 00 48 85 c0 74 0f 41 b8 03 00 00 00
0x0000000002b54490:   4c 89 ea 4c 89 e9 ff d0 90 48 81 c4 90 00 00 00
0x0000000002b544a0:   5b 5e 41 5c 41 5d 41 5e c3 49 89 c4 48 8b 84 24
0x0000000002b544b0:   80 00 00 00 48 85 c0 74 0e 41 b8 03 00 00 00 4c
0x0000000002b544c0:   89 ea 4c 89 e9 ff d0 4c 89 e1 e8 d9 ee 35 01 49
0x0000000002b544d0:   89 c4 48 8b 84 24 80 00 00 00 48 85 c0 74 e8 41
0x0000000002b544e0:   b8 03 00 00 00 4c 89 ea 4c 89 e9 ff d0 eb d8 90
0x0000000002b544f0:   89 51 50 c3 66 66 2e 0f 1f 84 00 00 00 00 00 90
0x0000000002b54500:   41 54 56 53 48 83 ec 20 8b 41 50 49 89 cc 85 c0
0x0000000002b54510:   74 40 31 db 0f 1f 40 00 49 8b 44 24 38 89 de 83
0x0000000002b54520:   c3 01 48 8b 0c f0 e8 e5 a8 ff ff 49 8b 44 24 38
0x0000000002b54530:   48 8b 0c f0 e8 27 a1 ff ff e8 f2 c6 ff ff ba 01
0x0000000002b54540:   00 00 00 48 89 c1 e8 35 c0 ff ff 41 39 5c 24 50
0x0000000002b54550:   77 c6 e8 d9 c6 ff ff 4c 89 e2 48 89 c1 48 83 c4
0x0000000002b54560:   20 5b 5e 41 5c e9 86 c7 ff ff 66 0f 1f 44 00 00
0x0000000002b54570:   48 8b 41 38 89 d2 4c 89 04 d0 c3 90 0f 1f 40 00
0x0000000002b54580:   41 54 53 48 83 ec 28 66 0f ef c0 48 c7 41 48 00
0x0000000002b54590:   00 00 00 48 89 cb c7 41 50 00 00 00 00 c6 01 01
0x0000000002b545a0:   0f 11 41 08 0f 11 41 18 0f 11 41 28 0f 11 41 38
0x0000000002b545b0:   e8 eb 75 2b ff 48 89 c1 e8 63 6b 2b ff 48 8b 4b
0x0000000002b545c0:   40 4c 8b 43 38 48 63 d0 48 89 c8 4c 29 c0 48 c1
0x0000000002b545d0:   f8 03 48 39 c2 77 19 73 0d 49 8d 04 d0 48 39 c1
0x0000000002b545e0:   74 04 48 89 43 40 48 83 c4 28 5b 41 5c c3 66 90 


Stack slot to memory mapping:

stack at sp + 0 slots: 0x0000000002b50635 libnd4jcpu.dll
stack at sp + 1 slots: 0x000001e14d58eb20 points into unknown readable memory: 0x0000000000000000 | 00 00 00 00 00 00 00 00
stack at sp + 2 slots: 0x0000000000000004 is an unknown value
stack at sp + 3 slots: 0x000000772f2fe8d0 is pointing into the stack for thread: 0x000001e0b4746040
stack at sp + 4 slots: 0x0000000002b50c71 libnd4jcpu.dll
stack at sp + 5 slots: 0x000001e11f910a88 points into unknown readable memory: 0x000001e14d686780 | 80 67 68 4d e1 01 00 00
stack at sp + 6 slots: 0x0000000000000001 is an unknown value
stack at sp + 7 slots: 0x000000772f2fe8d0 is pointing into the stack for thread: 0x000001e0b4746040


---------------  P R O C E S S  ---------------

Threads class SMR info:
_java_thread_list=0x000001e0d8ef7850, length=15, elements={
0x000001e0b4746040, 0x000001e0d8cdf5c0, 0x000001e0d8ce03b0, 0x000001e0d8ce4610,
0x000001e0d8ce6280, 0x000001e0d8ce7560, 0x000001e0d8cf0850, 0x000001e0d8cf7460,
0x000001e0d8cf7f70, 0x000001e0d8ee20d0, 0x000001e11ea67e30, 0x000001e11ea6e5a0,
0x000001e0b2475400, 0x000001e11ef1daf0, 0x000001e11ef174c0
}

Java Threads: ( => current thread )
=>0x000001e0b4746040 JavaThread "main"                              [_thread_in_native, id=20032, stack(0x000000772f200000,0x000000772f300000) (1024K)]
  0x000001e0d8cdf5c0 JavaThread "Reference Handler"          daemon [_thread_blocked, id=6048, stack(0x000000772fa00000,0x000000772fb00000) (1024K)]
  0x000001e0d8ce03b0 JavaThread "Finalizer"                  daemon [_thread_blocked, id=4468, stack(0x000000772fb00000,0x000000772fc00000) (1024K)]
  0x000001e0d8ce4610 JavaThread "Signal Dispatcher"          daemon [_thread_blocked, id=15544, stack(0x000000772fc00000,0x000000772fd00000) (1024K)]
  0x000001e0d8ce6280 JavaThread "Attach Listener"            daemon [_thread_blocked, id=18932, stack(0x000000772fd00000,0x000000772fe00000) (1024K)]
  0x000001e0d8ce7560 JavaThread "Service Thread"             daemon [_thread_blocked, id=19628, stack(0x000000772fe00000,0x000000772ff00000) (1024K)]
  0x000001e0d8cf0850 JavaThread "Monitor Deflation Thread"   daemon [_thread_blocked, id=20208, stack(0x000000772ff00000,0x0000007730000000) (1024K)]
  0x000001e0d8cf7460 JavaThread "C2 CompilerThread0"         daemon [_thread_blocked, id=7292, stack(0x0000007730000000,0x0000007730100000) (1024K)]
  0x000001e0d8cf7f70 JavaThread "C1 CompilerThread0"         daemon [_thread_blocked, id=10504, stack(0x0000007730100000,0x0000007730200000) (1024K)]
  0x000001e0d8ee20d0 JavaThread "Common-Cleaner"             daemon [_thread_blocked, id=12996, stack(0x0000007730200000,0x0000007730300000) (1024K)]
  0x000001e11ea67e30 JavaThread "Monitor Ctrl-Break"         daemon [_thread_in_native, id=6064, stack(0x0000007730400000,0x0000007730500000) (1024K)]
  0x000001e11ea6e5a0 JavaThread "Notification Thread"        daemon [_thread_blocked, id=15484, stack(0x0000007730500000,0x0000007730600000) (1024K)]
  0x000001e0b2475400 JavaThread "JavaCPP Deallocator"        daemon [_thread_blocked, id=17032, stack(0x0000007730f00000,0x0000007731000000) (1024K)]
  0x000001e11ef1daf0 JavaThread "DeallocatorServiceThread_0" daemon [_thread_blocked, id=21172, stack(0x0000007732500000,0x0000007732600000) (1024K)]
  0x000001e11ef174c0 JavaThread "DeallocatorServiceThread_1" daemon [_thread_blocked, id=6444, stack(0x0000007732600000,0x0000007732700000) (1024K)]
Total: 15

Other Threads:
  0x000001e0cc26dba0 VMThread "VM Thread"                           [id=16792, stack(0x000000772f900000,0x000000772fa00000) (1024K)]
  0x000001e0cc23f520 WatcherThread "VM Periodic Task Thread"        [id=20824, stack(0x000000772f800000,0x000000772f900000) (1024K)]
  0x000001e0cc0f0540 WorkerThread "GC Thread#0"                     [id=1512, stack(0x000000772f300000,0x000000772f400000) (1024K)]
  0x000001e11f246710 WorkerThread "GC Thread#1"                     [id=5948, stack(0x0000007730600000,0x0000007730700000) (1024K)]
  0x000001e11f247300 WorkerThread "GC Thread#2"                     [id=19620, stack(0x0000007730700000,0x0000007730800000) (1024K)]
  0x000001e11ef7d350 WorkerThread "GC Thread#3"                     [id=15872, stack(0x0000007730800000,0x0000007730900000) (1024K)]
  0x000001e11ef7e750 WorkerThread "GC Thread#4"                     [id=4676, stack(0x0000007730900000,0x0000007730a00000) (1024K)]
  0x000001e11ef7fb50 WorkerThread "GC Thread#5"                     [id=19988, stack(0x0000007730a00000,0x0000007730b00000) (1024K)]
  0x000001e11ef7ff30 WorkerThread "GC Thread#6"                     [id=10436, stack(0x0000007730b00000,0x0000007730c00000) (1024K)]
  0x000001e11ef81720 WorkerThread "GC Thread#7"                     [id=1516, stack(0x0000007730c00000,0x0000007730d00000) (1024K)]
  0x000001e11ef81b00 WorkerThread "GC Thread#8"                     [id=8404, stack(0x0000007730d00000,0x0000007730e00000) (1024K)]
  0x000001e11ef81ee0 WorkerThread "GC Thread#9"                     [id=8568, stack(0x0000007730e00000,0x0000007730f00000) (1024K)]
  0x000001e0cc132010 ConcurrentGCThread "G1 Main Marker"            [id=10232, stack(0x000000772f400000,0x000000772f500000) (1024K)]
  0x000001e0cc1331a0 WorkerThread "G1 Conc#0"                       [id=14156, stack(0x000000772f500000,0x000000772f600000) (1024K)]
  0x000001e0cc1e90e0 ConcurrentGCThread "G1 Refine#0"               [id=15576, stack(0x000000772f600000,0x000000772f700000) (1024K)]
  0x000001e0cc1ebb20 ConcurrentGCThread "G1 Service"                [id=12632, stack(0x000000772f700000,0x000000772f800000) (1024K)]
Total: 16

Threads with active compile tasks:
Total: 0

VM state: not at safepoint (normal execution)

VM Mutex/Monitor currently owned by a thread: None

Heap address: 0x0000000604800000, size: 8120 MB, Compressed Oops mode: Zero based, Oop shift amount: 3

CDS archive(s) mapped at: [0x000001e0d9000000-0x000001e0d9c90000-0x000001e0d9c90000), size 13172736, SharedBaseAddress: 0x000001e0d9000000, ArchiveRelocationMode: 1.
Compressed class space mapped at: 0x000001e0da000000-0x000001e11a000000, reserved size: 1073741824
Narrow klass base: 0x000001e0d9000000, Narrow klass shift: 0, Narrow klass range: 0x100000000

GC Precious Log:
 CardTable entry size: 512
 Card Set container configuration: InlinePtr #cards 4 size 8 Array Of Cards #cards 32 size 80 Howl #buckets 8 coarsen threshold 7372 Howl Bitmap #cards 1024 size 144 coarsen threshold 921 Card regions per heap region 1 cards per card region 8192
 CPUs: 12 total, 12 available
 Memory: 32469M
 Large Page Support: Disabled
 NUMA Support: Disabled
 Compressed Oops: Enabled (Zero based)
 Heap Region Size: 4M
 Heap Min Capacity: 8M
 Heap Initial Capacity: 508M
 Heap Max Capacity: 8120M
 Pre-touch: Disabled
 Parallel Workers: 10
 Concurrent Workers: 3
 Concurrent Refinement Workers: 10
 Periodic GC: Disabled

Heap:
 garbage-first heap   total 520192K, used 48154K [0x0000000604800000, 0x0000000800000000)
  region size 4096K, 11 young (45056K), 1 survivors (4096K)
 Metaspace       used 15406K, committed 15616K, reserved 1114112K
  class space    used 1413K, committed 1472K, reserved 1048576K

Heap Regions: E=young(eden), S=young(survivor), O=old, HS=humongous(starts), HC=humongous(continues), CS=collection set, F=free, TAMS=top-at-mark-start, PB=parsable bottom
|   0|0x0000000604800000, 0x0000000604c00000, 0x0000000604c00000|100%| O|  |TAMS 0x0000000604800000| PB 0x0000000604800000| Untracked 
|   1|0x0000000604c00000, 0x0000000605000000, 0x0000000605000000|100%| O|  |TAMS 0x0000000604c00000| PB 0x0000000604c00000| Untracked 
|   2|0x0000000605000000, 0x0000000605000000, 0x0000000605400000|  0%| F|  |TAMS 0x0000000605000000| PB 0x0000000605000000| Untracked 
|   3|0x0000000605400000, 0x000000060568e278, 0x0000000605800000| 63%| O|  |TAMS 0x0000000605400000| PB 0x0000000605400000| Untracked 
|   4|0x0000000605800000, 0x0000000605800000, 0x0000000605c00000|  0%| F|  |TAMS 0x0000000605800000| PB 0x0000000605800000| Untracked 
|   5|0x0000000605c00000, 0x0000000605c00000, 0x0000000606000000|  0%| F|  |TAMS 0x0000000605c00000| PB 0x0000000605c00000| Untracked 
|   6|0x0000000606000000, 0x0000000606000000, 0x0000000606400000|  0%| F|  |TAMS 0x0000000606000000| PB 0x0000000606000000| Untracked 
|   7|0x0000000606400000, 0x0000000606400000, 0x0000000606800000|  0%| F|  |TAMS 0x0000000606400000| PB 0x0000000606400000| Untracked 
|   8|0x0000000606800000, 0x0000000606800000, 0x0000000606c00000|  0%| F|  |TAMS 0x0000000606800000| PB 0x0000000606800000| Untracked 
|   9|0x0000000606c00000, 0x0000000606c00000, 0x0000000607000000|  0%| F|  |TAMS 0x0000000606c00000| PB 0x0000000606c00000| Untracked 
|  10|0x0000000607000000, 0x0000000607000000, 0x0000000607400000|  0%| F|  |TAMS 0x0000000607000000| PB 0x0000000607000000| Untracked 
|  11|0x0000000607400000, 0x0000000607400000, 0x0000000607800000|  0%| F|  |TAMS 0x0000000607400000| PB 0x0000000607400000| Untracked 
|  12|0x0000000607800000, 0x0000000607800000, 0x0000000607c00000|  0%| F|  |TAMS 0x0000000607800000| PB 0x0000000607800000| Untracked 
|  13|0x0000000607c00000, 0x0000000607c00000, 0x0000000608000000|  0%| F|  |TAMS 0x0000000607c00000| PB 0x0000000607c00000| Untracked 
|  14|0x0000000608000000, 0x0000000608000000, 0x0000000608400000|  0%| F|  |TAMS 0x0000000608000000| PB 0x0000000608000000| Untracked 
|  15|0x0000000608400000, 0x0000000608400000, 0x0000000608800000|  0%| F|  |TAMS 0x0000000608400000| PB 0x0000000608400000| Untracked 
|  16|0x0000000608800000, 0x0000000608800000, 0x0000000608c00000|  0%| F|  |TAMS 0x0000000608800000| PB 0x0000000608800000| Untracked 
|  17|0x0000000608c00000, 0x0000000608c00000, 0x0000000609000000|  0%| F|  |TAMS 0x0000000608c00000| PB 0x0000000608c00000| Untracked 
|  18|0x0000000609000000, 0x0000000609000000, 0x0000000609400000|  0%| F|  |TAMS 0x0000000609000000| PB 0x0000000609000000| Untracked 
|  19|0x0000000609400000, 0x0000000609400000, 0x0000000609800000|  0%| F|  |TAMS 0x0000000609400000| PB 0x0000000609400000| Untracked 
|  20|0x0000000609800000, 0x0000000609800000, 0x0000000609c00000|  0%| F|  |TAMS 0x0000000609800000| PB 0x0000000609800000| Untracked 
|  21|0x0000000609c00000, 0x0000000609c00000, 0x000000060a000000|  0%| F|  |TAMS 0x0000000609c00000| PB 0x0000000609c00000| Untracked 
|  22|0x000000060a000000, 0x000000060a000000, 0x000000060a400000|  0%| F|  |TAMS 0x000000060a000000| PB 0x000000060a000000| Untracked 
|  23|0x000000060a400000, 0x000000060a400000, 0x000000060a800000|  0%| F|  |TAMS 0x000000060a400000| PB 0x000000060a400000| Untracked 
|  24|0x000000060a800000, 0x000000060a800000, 0x000000060ac00000|  0%| F|  |TAMS 0x000000060a800000| PB 0x000000060a800000| Untracked 
|  25|0x000000060ac00000, 0x000000060ac00000, 0x000000060b000000|  0%| F|  |TAMS 0x000000060ac00000| PB 0x000000060ac00000| Untracked 
|  26|0x000000060b000000, 0x000000060b000000, 0x000000060b400000|  0%| F|  |TAMS 0x000000060b000000| PB 0x000000060b000000| Untracked 
|  27|0x000000060b400000, 0x000000060b400000, 0x000000060b800000|  0%| F|  |TAMS 0x000000060b400000| PB 0x000000060b400000| Untracked 
|  28|0x000000060b800000, 0x000000060b800000, 0x000000060bc00000|  0%| F|  |TAMS 0x000000060b800000| PB 0x000000060b800000| Untracked 
|  29|0x000000060bc00000, 0x000000060bc00000, 0x000000060c000000|  0%| F|  |TAMS 0x000000060bc00000| PB 0x000000060bc00000| Untracked 
|  30|0x000000060c000000, 0x000000060c000000, 0x000000060c400000|  0%| F|  |TAMS 0x000000060c000000| PB 0x000000060c000000| Untracked 
|  31|0x000000060c400000, 0x000000060c400000, 0x000000060c800000|  0%| F|  |TAMS 0x000000060c400000| PB 0x000000060c400000| Untracked 
|  32|0x000000060c800000, 0x000000060c800000, 0x000000060cc00000|  0%| F|  |TAMS 0x000000060c800000| PB 0x000000060c800000| Untracked 
|  33|0x000000060cc00000, 0x000000060cc00000, 0x000000060d000000|  0%| F|  |TAMS 0x000000060cc00000| PB 0x000000060cc00000| Untracked 
|  34|0x000000060d000000, 0x000000060d000000, 0x000000060d400000|  0%| F|  |TAMS 0x000000060d000000| PB 0x000000060d000000| Untracked 
|  35|0x000000060d400000, 0x000000060d400000, 0x000000060d800000|  0%| F|  |TAMS 0x000000060d400000| PB 0x000000060d400000| Untracked 
|  36|0x000000060d800000, 0x000000060d800000, 0x000000060dc00000|  0%| F|  |TAMS 0x000000060d800000| PB 0x000000060d800000| Untracked 
|  37|0x000000060dc00000, 0x000000060dc00000, 0x000000060e000000|  0%| F|  |TAMS 0x000000060dc00000| PB 0x000000060dc00000| Untracked 
|  38|0x000000060e000000, 0x000000060e000000, 0x000000060e400000|  0%| F|  |TAMS 0x000000060e000000| PB 0x000000060e000000| Untracked 
|  39|0x000000060e400000, 0x000000060e400000, 0x000000060e800000|  0%| F|  |TAMS 0x000000060e400000| PB 0x000000060e400000| Untracked 
|  40|0x000000060e800000, 0x000000060e800000, 0x000000060ec00000|  0%| F|  |TAMS 0x000000060e800000| PB 0x000000060e800000| Untracked 
|  41|0x000000060ec00000, 0x000000060ec00000, 0x000000060f000000|  0%| F|  |TAMS 0x000000060ec00000| PB 0x000000060ec00000| Untracked 
|  42|0x000000060f000000, 0x000000060f000000, 0x000000060f400000|  0%| F|  |TAMS 0x000000060f000000| PB 0x000000060f000000| Untracked 
|  43|0x000000060f400000, 0x000000060f400000, 0x000000060f800000|  0%| F|  |TAMS 0x000000060f400000| PB 0x000000060f400000| Untracked 
|  44|0x000000060f800000, 0x000000060f800000, 0x000000060fc00000|  0%| F|  |TAMS 0x000000060f800000| PB 0x000000060f800000| Untracked 
|  45|0x000000060fc00000, 0x000000060fc00000, 0x0000000610000000|  0%| F|  |TAMS 0x000000060fc00000| PB 0x000000060fc00000| Untracked 
|  46|0x0000000610000000, 0x0000000610000000, 0x0000000610400000|  0%| F|  |TAMS 0x0000000610000000| PB 0x0000000610000000| Untracked 
|  47|0x0000000610400000, 0x0000000610400000, 0x0000000610800000|  0%| F|  |TAMS 0x0000000610400000| PB 0x0000000610400000| Untracked 
|  48|0x0000000610800000, 0x0000000610800000, 0x0000000610c00000|  0%| F|  |TAMS 0x0000000610800000| PB 0x0000000610800000| Untracked 
|  49|0x0000000610c00000, 0x0000000610c00000, 0x0000000611000000|  0%| F|  |TAMS 0x0000000610c00000| PB 0x0000000610c00000| Untracked 
|  50|0x0000000611000000, 0x0000000611000000, 0x0000000611400000|  0%| F|  |TAMS 0x0000000611000000| PB 0x0000000611000000| Untracked 
|  51|0x0000000611400000, 0x0000000611400000, 0x0000000611800000|  0%| F|  |TAMS 0x0000000611400000| PB 0x0000000611400000| Untracked 
|  52|0x0000000611800000, 0x0000000611800000, 0x0000000611c00000|  0%| F|  |TAMS 0x0000000611800000| PB 0x0000000611800000| Untracked 
|  53|0x0000000611c00000, 0x0000000611c00000, 0x0000000612000000|  0%| F|  |TAMS 0x0000000611c00000| PB 0x0000000611c00000| Untracked 
|  54|0x0000000612000000, 0x0000000612000000, 0x0000000612400000|  0%| F|  |TAMS 0x0000000612000000| PB 0x0000000612000000| Untracked 
|  55|0x0000000612400000, 0x0000000612400000, 0x0000000612800000|  0%| F|  |TAMS 0x0000000612400000| PB 0x0000000612400000| Untracked 
|  56|0x0000000612800000, 0x0000000612800000, 0x0000000612c00000|  0%| F|  |TAMS 0x0000000612800000| PB 0x0000000612800000| Untracked 
|  57|0x0000000612c00000, 0x0000000612c00000, 0x0000000613000000|  0%| F|  |TAMS 0x0000000612c00000| PB 0x0000000612c00000| Untracked 
|  58|0x0000000613000000, 0x0000000613000000, 0x0000000613400000|  0%| F|  |TAMS 0x0000000613000000| PB 0x0000000613000000| Untracked 
|  59|0x0000000613400000, 0x0000000613400000, 0x0000000613800000|  0%| F|  |TAMS 0x0000000613400000| PB 0x0000000613400000| Untracked 
|  60|0x0000000613800000, 0x0000000613800000, 0x0000000613c00000|  0%| F|  |TAMS 0x0000000613800000| PB 0x0000000613800000| Untracked 
|  61|0x0000000613c00000, 0x0000000613c00000, 0x0000000614000000|  0%| F|  |TAMS 0x0000000613c00000| PB 0x0000000613c00000| Untracked 
|  62|0x0000000614000000, 0x0000000614000000, 0x0000000614400000|  0%| F|  |TAMS 0x0000000614000000| PB 0x0000000614000000| Untracked 
|  63|0x0000000614400000, 0x0000000614400000, 0x0000000614800000|  0%| F|  |TAMS 0x0000000614400000| PB 0x0000000614400000| Untracked 
|  64|0x0000000614800000, 0x0000000614800000, 0x0000000614c00000|  0%| F|  |TAMS 0x0000000614800000| PB 0x0000000614800000| Untracked 
|  65|0x0000000614c00000, 0x0000000614c00000, 0x0000000615000000|  0%| F|  |TAMS 0x0000000614c00000| PB 0x0000000614c00000| Untracked 
|  66|0x0000000615000000, 0x0000000615000000, 0x0000000615400000|  0%| F|  |TAMS 0x0000000615000000| PB 0x0000000615000000| Untracked 
|  67|0x0000000615400000, 0x0000000615400000, 0x0000000615800000|  0%| F|  |TAMS 0x0000000615400000| PB 0x0000000615400000| Untracked 
|  68|0x0000000615800000, 0x0000000615800000, 0x0000000615c00000|  0%| F|  |TAMS 0x0000000615800000| PB 0x0000000615800000| Untracked 
|  69|0x0000000615c00000, 0x0000000615c00000, 0x0000000616000000|  0%| F|  |TAMS 0x0000000615c00000| PB 0x0000000615c00000| Untracked 
|  70|0x0000000616000000, 0x0000000616000000, 0x0000000616400000|  0%| F|  |TAMS 0x0000000616000000| PB 0x0000000616000000| Untracked 
|  71|0x0000000616400000, 0x0000000616400000, 0x0000000616800000|  0%| F|  |TAMS 0x0000000616400000| PB 0x0000000616400000| Untracked 
|  72|0x0000000616800000, 0x0000000616800000, 0x0000000616c00000|  0%| F|  |TAMS 0x0000000616800000| PB 0x0000000616800000| Untracked 
|  73|0x0000000616c00000, 0x0000000616c00000, 0x0000000617000000|  0%| F|  |TAMS 0x0000000616c00000| PB 0x0000000616c00000| Untracked 
|  74|0x0000000617000000, 0x0000000617000000, 0x0000000617400000|  0%| F|  |TAMS 0x0000000617000000| PB 0x0000000617000000| Untracked 
|  75|0x0000000617400000, 0x0000000617400000, 0x0000000617800000|  0%| F|  |TAMS 0x0000000617400000| PB 0x0000000617400000| Untracked 
|  76|0x0000000617800000, 0x0000000617800000, 0x0000000617c00000|  0%| F|  |TAMS 0x0000000617800000| PB 0x0000000617800000| Untracked 
|  77|0x0000000617c00000, 0x0000000617c00000, 0x0000000618000000|  0%| F|  |TAMS 0x0000000617c00000| PB 0x0000000617c00000| Untracked 
|  78|0x0000000618000000, 0x0000000618000000, 0x0000000618400000|  0%| F|  |TAMS 0x0000000618000000| PB 0x0000000618000000| Untracked 
|  79|0x0000000618400000, 0x0000000618400000, 0x0000000618800000|  0%| F|  |TAMS 0x0000000618400000| PB 0x0000000618400000| Untracked 
|  80|0x0000000618800000, 0x0000000618800000, 0x0000000618c00000|  0%| F|  |TAMS 0x0000000618800000| PB 0x0000000618800000| Untracked 
|  81|0x0000000618c00000, 0x0000000618c00000, 0x0000000619000000|  0%| F|  |TAMS 0x0000000618c00000| PB 0x0000000618c00000| Untracked 
|  82|0x0000000619000000, 0x0000000619000000, 0x0000000619400000|  0%| F|  |TAMS 0x0000000619000000| PB 0x0000000619000000| Untracked 
|  83|0x0000000619400000, 0x0000000619400000, 0x0000000619800000|  0%| F|  |TAMS 0x0000000619400000| PB 0x0000000619400000| Untracked 
|  84|0x0000000619800000, 0x0000000619800000, 0x0000000619c00000|  0%| F|  |TAMS 0x0000000619800000| PB 0x0000000619800000| Untracked 
|  85|0x0000000619c00000, 0x0000000619c00000, 0x000000061a000000|  0%| F|  |TAMS 0x0000000619c00000| PB 0x0000000619c00000| Untracked 
|  86|0x000000061a000000, 0x000000061a000000, 0x000000061a400000|  0%| F|  |TAMS 0x000000061a000000| PB 0x000000061a000000| Untracked 
|  87|0x000000061a400000, 0x000000061a400000, 0x000000061a800000|  0%| F|  |TAMS 0x000000061a400000| PB 0x000000061a400000| Untracked 
|  88|0x000000061a800000, 0x000000061a800000, 0x000000061ac00000|  0%| F|  |TAMS 0x000000061a800000| PB 0x000000061a800000| Untracked 
|  89|0x000000061ac00000, 0x000000061ac00000, 0x000000061b000000|  0%| F|  |TAMS 0x000000061ac00000| PB 0x000000061ac00000| Untracked 
|  90|0x000000061b000000, 0x000000061b000000, 0x000000061b400000|  0%| F|  |TAMS 0x000000061b000000| PB 0x000000061b000000| Untracked 
|  91|0x000000061b400000, 0x000000061b400000, 0x000000061b800000|  0%| F|  |TAMS 0x000000061b400000| PB 0x000000061b400000| Untracked 
|  92|0x000000061b800000, 0x000000061b800000, 0x000000061bc00000|  0%| F|  |TAMS 0x000000061b800000| PB 0x000000061b800000| Untracked 
|  93|0x000000061bc00000, 0x000000061bc00000, 0x000000061c000000|  0%| F|  |TAMS 0x000000061bc00000| PB 0x000000061bc00000| Untracked 
|  94|0x000000061c000000, 0x000000061c000000, 0x000000061c400000|  0%| F|  |TAMS 0x000000061c000000| PB 0x000000061c000000| Untracked 
|  95|0x000000061c400000, 0x000000061c400000, 0x000000061c800000|  0%| F|  |TAMS 0x000000061c400000| PB 0x000000061c400000| Untracked 
|  96|0x000000061c800000, 0x000000061c800000, 0x000000061cc00000|  0%| F|  |TAMS 0x000000061c800000| PB 0x000000061c800000| Untracked 
|  97|0x000000061cc00000, 0x000000061cc00000, 0x000000061d000000|  0%| F|  |TAMS 0x000000061cc00000| PB 0x000000061cc00000| Untracked 
|  98|0x000000061d000000, 0x000000061d000000, 0x000000061d400000|  0%| F|  |TAMS 0x000000061d000000| PB 0x000000061d000000| Untracked 
|  99|0x000000061d400000, 0x000000061d400000, 0x000000061d800000|  0%| F|  |TAMS 0x000000061d400000| PB 0x000000061d400000| Untracked 
| 100|0x000000061d800000, 0x000000061d800000, 0x000000061dc00000|  0%| F|  |TAMS 0x000000061d800000| PB 0x000000061d800000| Untracked 
| 101|0x000000061dc00000, 0x000000061dc00000, 0x000000061e000000|  0%| F|  |TAMS 0x000000061dc00000| PB 0x000000061dc00000| Untracked 
| 102|0x000000061e000000, 0x000000061e000000, 0x000000061e400000|  0%| F|  |TAMS 0x000000061e000000| PB 0x000000061e000000| Untracked 
| 103|0x000000061e400000, 0x000000061e400000, 0x000000061e800000|  0%| F|  |TAMS 0x000000061e400000| PB 0x000000061e400000| Untracked 
| 104|0x000000061e800000, 0x000000061e800000, 0x000000061ec00000|  0%| F|  |TAMS 0x000000061e800000| PB 0x000000061e800000| Untracked 
| 105|0x000000061ec00000, 0x000000061ec00000, 0x000000061f000000|  0%| F|  |TAMS 0x000000061ec00000| PB 0x000000061ec00000| Untracked 
| 106|0x000000061f000000, 0x000000061f000000, 0x000000061f400000|  0%| F|  |TAMS 0x000000061f000000| PB 0x000000061f000000| Untracked 
| 107|0x000000061f400000, 0x000000061f400000, 0x000000061f800000|  0%| F|  |TAMS 0x000000061f400000| PB 0x000000061f400000| Untracked 
| 108|0x000000061f800000, 0x000000061f800000, 0x000000061fc00000|  0%| F|  |TAMS 0x000000061f800000| PB 0x000000061f800000| Untracked 
| 109|0x000000061fc00000, 0x000000061fc00000, 0x0000000620000000|  0%| F|  |TAMS 0x000000061fc00000| PB 0x000000061fc00000| Untracked 
| 110|0x0000000620000000, 0x0000000620000000, 0x0000000620400000|  0%| F|  |TAMS 0x0000000620000000| PB 0x0000000620000000| Untracked 
| 111|0x0000000620400000, 0x0000000620400000, 0x0000000620800000|  0%| F|  |TAMS 0x0000000620400000| PB 0x0000000620400000| Untracked 
| 112|0x0000000620800000, 0x0000000620800000, 0x0000000620c00000|  0%| F|  |TAMS 0x0000000620800000| PB 0x0000000620800000| Untracked 
| 113|0x0000000620c00000, 0x0000000620c00000, 0x0000000621000000|  0%| F|  |TAMS 0x0000000620c00000| PB 0x0000000620c00000| Untracked 
| 114|0x0000000621000000, 0x0000000621000000, 0x0000000621400000|  0%| F|  |TAMS 0x0000000621000000| PB 0x0000000621000000| Untracked 
| 115|0x0000000621400000, 0x0000000621400000, 0x0000000621800000|  0%| F|  |TAMS 0x0000000621400000| PB 0x0000000621400000| Untracked 
| 116|0x0000000621800000, 0x00000006219aaf28, 0x0000000621c00000| 41%| E|  |TAMS 0x0000000621800000| PB 0x0000000621800000| Complete 
| 117|0x0000000621c00000, 0x0000000622000000, 0x0000000622000000|100%| E|CS|TAMS 0x0000000621c00000| PB 0x0000000621c00000| Complete 
| 118|0x0000000622000000, 0x0000000622400000, 0x0000000622400000|100%| E|CS|TAMS 0x0000000622000000| PB 0x0000000622000000| Complete 
| 119|0x0000000622400000, 0x0000000622800000, 0x0000000622800000|100%| E|CS|TAMS 0x0000000622400000| PB 0x0000000622400000| Complete 
| 120|0x0000000622800000, 0x0000000622c00000, 0x0000000622c00000|100%| E|CS|TAMS 0x0000000622800000| PB 0x0000000622800000| Complete 
| 121|0x0000000622c00000, 0x0000000622c788b8, 0x0000000623000000| 11%| S|CS|TAMS 0x0000000622c00000| PB 0x0000000622c00000| Complete 
| 122|0x0000000623000000, 0x0000000623400000, 0x0000000623400000|100%| E|CS|TAMS 0x0000000623000000| PB 0x0000000623000000| Complete 
| 123|0x0000000623400000, 0x0000000623800000, 0x0000000623800000|100%| E|CS|TAMS 0x0000000623400000| PB 0x0000000623400000| Complete 
| 124|0x0000000623800000, 0x0000000623c00000, 0x0000000623c00000|100%| E|CS|TAMS 0x0000000623800000| PB 0x0000000623800000| Complete 
| 125|0x0000000623c00000, 0x0000000624000000, 0x0000000624000000|100%| E|CS|TAMS 0x0000000623c00000| PB 0x0000000623c00000| Complete 
| 126|0x0000000624000000, 0x0000000624400000, 0x0000000624400000|100%| E|CS|TAMS 0x0000000624000000| PB 0x0000000624000000| Complete 

Card table byte_map: [0x000001e0cd250000,0x000001e0ce230000] _byte_map_base: 0x000001e0ca22c000

Marking Bits: (CMBitMap*) 0x000001e0b4777550
 Bits: [0x000001e0ce230000, 0x000001e0d6110000)

Polling page: 0x000001e0b25f0000

Metaspace:

Usage:
  Non-class:     13.67 MB used.
      Class:      1.38 MB used.
       Both:     15.05 MB used.

Virtual space:
  Non-class space:       64.00 MB reserved,      13.81 MB ( 22%) committed,  1 nodes.
      Class space:        1.00 GB reserved,       1.44 MB ( <1%) committed,  1 nodes.
             Both:        1.06 GB reserved,      15.25 MB (  1%) committed. 

Chunk freelists:
   Non-Class:  1.86 MB
       Class:  14.38 MB
        Both:  16.23 MB

MaxMetaspaceSize: unlimited
CompressedClassSpaceSize: 1.00 GB
Initial GC threshold: 21.00 MB
Current GC threshold: 21.00 MB
CDS: on
 - commit_granule_bytes: 65536.
 - commit_granule_words: 8192.
 - virtual_space_node_default_size: 8388608.
 - enlarge_chunks_in_place: 1.
 - use_allocation_guard: 0.


Internal statistics:

num_allocs_failed_limit: 0.
num_arena_births: 96.
num_arena_deaths: 0.
num_vsnodes_births: 2.
num_vsnodes_deaths: 0.
num_space_committed: 242.
num_space_uncommitted: 0.
num_chunks_returned_to_freelist: 0.
num_chunks_taken_from_freelist: 487.
num_chunk_merges: 0.
num_chunk_splits: 414.
num_chunks_enlarged: 368.
num_inconsistent_stats: 0.

CodeHeap 'non-profiled nmethods': size=120000Kb used=1036Kb max_used=1036Kb free=118963Kb
 bounds [0x000001e0c45f0000, 0x000001e0c4860000, 0x000001e0cbb20000]
CodeHeap 'profiled nmethods': size=120000Kb used=4373Kb max_used=4373Kb free=115626Kb
 bounds [0x000001e0bcb20000, 0x000001e0bcf70000, 0x000001e0c4050000]
CodeHeap 'non-nmethods': size=5760Kb used=2490Kb max_used=2494Kb free=3269Kb
 bounds [0x000001e0c4050000, 0x000001e0c42d0000, 0x000001e0c45f0000]
 total_blobs=3091 nmethods=2011 adapters=985
 compilation: enabled
              stopped_count=0, restarted_count=0
 full_count=0

Compilation events (20 events):
Event: 12.214 Thread 0x000001e0d8cf7f70 nmethod 1999 0x000001e0bcf60490 code [0x000001e0bcf606e0, 0x000001e0bcf61238]
Event: 12.214 Thread 0x000001e0d8cf7460 nmethod 1997 0x000001e0c46ee990 code [0x000001e0c46eeb20, 0x000001e0c46eebf8]
Event: 12.226 Thread 0x000001e0d8cf7460 2000       4       sun.nio.fs.WindowsPathParser::parse (504 bytes)
Event: 12.226 Thread 0x000001e0d8cf7f70 2001       3       org.bytedeco.javacpp.Loader::isLoadLibraries (56 bytes)
Event: 12.226 Thread 0x000001e0d8cf7f70 nmethod 2001 0x000001e0bcf61590 code [0x000001e0bcf618a0, 0x000001e0bcf627e8]
Event: 12.244 Thread 0x000001e0d8cf7f70 2003       2       jdk.internal.misc.Unsafe::allocateUninitializedArray (55 bytes)
Event: 12.244 Thread 0x000001e0d8cf7f70 nmethod 2003 0x000001e0bcf62c90 code [0x000001e0bcf62e80, 0x000001e0bcf631f8]
Event: 12.251 Thread 0x000001e0d8cf7460 nmethod 2000 0x000001e0c46eec90 code [0x000001e0c46eefe0, 0x000001e0c46f0e88]
Event: 12.252 Thread 0x000001e0d8cf7460 2002       4       jdk.internal.misc.Unsafe::allocateUninitializedArray0 (90 bytes)
Event: 12.253 Thread 0x000001e0d8cf7460 nmethod 2002 0x000001e0c46f2110 code [0x000001e0c46f22a0, 0x000001e0c46f2480]
Event: 12.266 Thread 0x000001e0d8cf7f70 2004       3       java.lang.invoke.MethodHandles$Lookup::checkSecurityManager (97 bytes)
Event: 12.267 Thread 0x000001e0d8cf7f70 nmethod 2004 0x000001e0bcf63390 code [0x000001e0bcf63580, 0x000001e0bcf63a98]
Event: 12.268 Thread 0x000001e0d8cf7f70 2006   !   3       org.slf4j.impl.SimpleLoggerConfiguration::getStringProperty (28 bytes)
Event: 12.268 Thread 0x000001e0d8cf7f70 nmethod 2006 0x000001e0bcf63c90 code [0x000001e0bcf63e80, 0x000001e0bcf64358]
Event: 12.271 Thread 0x000001e0d8cf7f70 2007       3       org.slf4j.impl.SimpleLoggerConfiguration::getStringProperty (16 bytes)
Event: 12.272 Thread 0x000001e0d8cf7f70 nmethod 2007 0x000001e0bcf64590 code [0x000001e0bcf647a0, 0x000001e0bcf64d50]
Event: 12.273 Thread 0x000001e0d8cf7f70 2008       3       java.util.concurrent.ConcurrentHashMap::sumCount (60 bytes)
Event: 12.274 Thread 0x000001e0d8cf7f70 nmethod 2008 0x000001e0bcf64f90 code [0x000001e0bcf65140, 0x000001e0bcf653b0]
Event: 12.291 Thread 0x000001e0d8cf7f70 2011       1       java.lang.ClassLoader::getUnnamedModule (5 bytes)
Event: 12.291 Thread 0x000001e0d8cf7f70 nmethod 2011 0x000001e0c46f2f90 code [0x000001e0c46f3120, 0x000001e0c46f31f0]

GC Heap History (4 events):
Event: 7.294 GC heap before
{Heap before GC invocations=0 (full 0):
 garbage-first heap   total 520192K, used 24576K [0x0000000604800000, 0x0000000800000000)
  region size 4096K, 6 young (24576K), 0 survivors (0K)
 Metaspace       used 3964K, committed 4224K, reserved 1114112K
  class space    used 330K, committed 448K, reserved 1048576K
}
Event: 7.301 GC heap after
{Heap after GC invocations=1 (full 0):
 garbage-first heap   total 520192K, used 10000K [0x0000000604800000, 0x0000000800000000)
  region size 4096K, 1 young (4096K), 1 survivors (4096K)
 Metaspace       used 3964K, committed 4224K, reserved 1114112K
  class space    used 330K, committed 448K, reserved 1048576K
}
Event: 10.093 GC heap before
{Heap before GC invocations=1 (full 0):
 garbage-first heap   total 520192K, used 30480K [0x0000000604800000, 0x0000000800000000)
  region size 4096K, 6 young (24576K), 1 survivors (4096K)
 Metaspace       used 9350K, committed 9600K, reserved 1114112K
  class space    used 475K, committed 576K, reserved 1048576K
}
Event: 10.098 GC heap after
{Heap after GC invocations=2 (full 0):
 garbage-first heap   total 520192K, used 11290K [0x0000000604800000, 0x0000000800000000)
  region size 4096K, 1 young (4096K), 1 survivors (4096K)
 Metaspace       used 9350K, committed 9600K, reserved 1114112K
  class space    used 475K, committed 576K, reserved 1048576K
}

Dll operation events (20 events):
Event: 7.497 Loaded shared library C:\Users\Michal_Mordarski\.javacpp\cache\javacpp-1.5.3-windows-x86_64.jar\org\bytedeco\javacpp\windows-x86_64\api-ms-win-core-profile-l1-1-0.dll
Event: 7.500 Loaded shared library C:\Users\Michal_Mordarski\.javacpp\cache\javacpp-1.5.3-windows-x86_64.jar\org\bytedeco\javacpp\windows-x86_64\api-ms-win-core-memory-l1-1-0.dll
Event: 7.503 Loaded shared library C:\Users\Michal_Mordarski\.javacpp\cache\javacpp-1.5.3-windows-x86_64.jar\org\bytedeco\javacpp\windows-x86_64\api-ms-win-core-util-l1-1-0.dll
Event: 7.505 Loaded shared library C:\Users\Michal_Mordarski\.javacpp\cache\javacpp-1.5.3-windows-x86_64.jar\org\bytedeco\javacpp\windows-x86_64\api-ms-win-core-interlocked-l1-1-0.dll
Event: 7.508 Loaded shared library C:\Users\Michal_Mordarski\.javacpp\cache\javacpp-1.5.3-windows-x86_64.jar\org\bytedeco\javacpp\windows-x86_64\ucrtbase.dll
Event: 7.510 Loaded shared library C:\Users\Michal_Mordarski\.javacpp\cache\javacpp-1.5.3-windows-x86_64.jar\org\bytedeco\javacpp\windows-x86_64\vcruntime140.dll
Event: 7.514 Loaded shared library C:\Users\Michal_Mordarski\.javacpp\cache\javacpp-1.5.3-windows-x86_64.jar\org\bytedeco\javacpp\windows-x86_64\msvcp140.dll
Event: 7.517 Loaded shared library C:\Users\Michal_Mordarski\.javacpp\cache\javacpp-1.5.3-windows-x86_64.jar\org\bytedeco\javacpp\windows-x86_64\concrt140.dll
Event: 7.521 Loaded shared library C:\Users\Michal_Mordarski\.javacpp\cache\javacpp-1.5.3-windows-x86_64.jar\org\bytedeco\javacpp\windows-x86_64\vcomp140.dll
Event: 7.589 Loaded shared library C:\Users\Michal_Mordarski\.javacpp\cache\javacpp-1.5.3-windows-x86_64.jar\org\bytedeco\javacpp\windows-x86_64\jnijavacpp.dll
Event: 8.312 Loaded shared library C:\Users\Michal_Mordarski\.javacpp\cache\openblas-0.3.9-1-1.5.3-windows-x86_64.jar\org\bytedeco\openblas\windows-x86_64\libopenblas_nolapack.dll
Event: 8.481 Loaded shared library C:\Users\Michal_Mordarski\.javacpp\cache\openblas-0.3.9-1-1.5.3-windows-x86_64.jar\org\bytedeco\openblas\windows-x86_64\jniopenblas_nolapack.dll
Event: 9.025 Loaded shared library C:\Users\Michal_Mordarski\.javacpp\cache\openblas-0.3.9-1-1.5.3-windows-x86_64.jar\org\bytedeco\openblas\windows-x86_64\libopenblas.dll
Event: 9.770 Loaded shared library C:\Users\Michal_Mordarski\.javacpp\cache\openblas-0.3.9-1-1.5.3-windows-x86_64.jar\org\bytedeco\openblas\windows-x86_64\jniopenblas.dll
Event: 9.957 Loaded shared library C:\Users\Michal_Mordarski\.javacpp\cache\nd4j-native-1.0.0-beta7-windows-x86_64.jar\org\nd4j\nativeblas\windows-x86_64\libwinpthread-1.dll
Event: 10.069 Loaded shared library C:\Users\Michal_Mordarski\.javacpp\cache\nd4j-native-1.0.0-beta7-windows-x86_64.jar\org\nd4j\nativeblas\windows-x86_64\libgcc_s_seh-1.dll
Event: 10.166 Loaded shared library C:\Users\Michal_Mordarski\.javacpp\cache\nd4j-native-1.0.0-beta7-windows-x86_64.jar\org\nd4j\nativeblas\windows-x86_64\libgomp-1.dll
Event: 10.427 Loaded shared library C:\Users\Michal_Mordarski\.javacpp\cache\nd4j-native-1.0.0-beta7-windows-x86_64.jar\org\nd4j\nativeblas\windows-x86_64\libstdc++-6.dll
Event: 11.169 Loaded shared library C:\Users\Michal_Mordarski\.javacpp\cache\nd4j-native-1.0.0-beta7-windows-x86_64.jar\org\nd4j\nativeblas\windows-x86_64\libnd4jcpu.dll
Event: 11.413 Loaded shared library C:\Users\Michal_Mordarski\.javacpp\cache\nd4j-native-1.0.0-beta7-windows-x86_64.jar\org\nd4j\nativeblas\windows-x86_64\jnind4jcpu.dll

Deoptimization events (20 events):
Event: 11.911 Thread 0x000001e0b4746040 Uncommon trap: trap_request=0xffffff45 fr.pc=0x000001e0c4636b54 relative=0x0000000000000294
Event: 11.911 Thread 0x000001e0b4746040 Uncommon trap: reason=unstable_if action=reinterpret pc=0x000001e0c4636b54 method=java.lang.String.startsWith(Ljava/lang/String;I)Z @ 1 c2
Event: 11.911 Thread 0x000001e0b4746040 DEOPT PACKING pc=0x000001e0c4636b54 sp=0x000000772f2fd140
Event: 11.911 Thread 0x000001e0b4746040 DEOPT UNPACKING pc=0x000001e0c40a7da2 sp=0x000000772f2fd0e8 mode 2
Event: 11.997 Thread 0x000001e0b4746040 Uncommon trap: trap_request=0xffffffde fr.pc=0x000001e0c46e324c relative=0x000000000000012c
Event: 11.997 Thread 0x000001e0b4746040 Uncommon trap: reason=class_check action=maybe_recompile pc=0x000001e0c46e324c method=jdk.internal.misc.Unsafe.allocateUninitializedArray(Ljava/lang/Class;I)Ljava/lang/Object; @ 51 c2
Event: 11.998 Thread 0x000001e0b4746040 DEOPT PACKING pc=0x000001e0c46e324c sp=0x000000772f2fcdb0
Event: 11.998 Thread 0x000001e0b4746040 DEOPT UNPACKING pc=0x000001e0c40a7da2 sp=0x000000772f2fcd28 mode 2
Event: 11.998 Thread 0x000001e0b4746040 Uncommon trap: trap_request=0xffffffde fr.pc=0x000001e0c46e324c relative=0x000000000000012c
Event: 11.998 Thread 0x000001e0b4746040 Uncommon trap: reason=class_check action=maybe_recompile pc=0x000001e0c46e324c method=jdk.internal.misc.Unsafe.allocateUninitializedArray(Ljava/lang/Class;I)Ljava/lang/Object; @ 51 c2
Event: 11.998 Thread 0x000001e0b4746040 DEOPT PACKING pc=0x000001e0c46e324c sp=0x000000772f2fc790
Event: 11.998 Thread 0x000001e0b4746040 DEOPT UNPACKING pc=0x000001e0c40a7da2 sp=0x000000772f2fc708 mode 2
Event: 11.998 Thread 0x000001e0b4746040 Uncommon trap: trap_request=0xffffffde fr.pc=0x000001e0c46e324c relative=0x000000000000012c
Event: 11.998 Thread 0x000001e0b4746040 Uncommon trap: reason=class_check action=maybe_recompile pc=0x000001e0c46e324c method=jdk.internal.misc.Unsafe.allocateUninitializedArray(Ljava/lang/Class;I)Ljava/lang/Object; @ 51 c2
Event: 11.998 Thread 0x000001e0b4746040 DEOPT PACKING pc=0x000001e0c46e324c sp=0x000000772f2fc970
Event: 11.998 Thread 0x000001e0b4746040 DEOPT UNPACKING pc=0x000001e0c40a7da2 sp=0x000000772f2fc8e8 mode 2
Event: 11.998 Thread 0x000001e0b4746040 Uncommon trap: trap_request=0xffffffde fr.pc=0x000001e0c46e324c relative=0x000000000000012c
Event: 11.998 Thread 0x000001e0b4746040 Uncommon trap: reason=class_check action=maybe_recompile pc=0x000001e0c46e324c method=jdk.internal.misc.Unsafe.allocateUninitializedArray(Ljava/lang/Class;I)Ljava/lang/Object; @ 51 c2
Event: 11.998 Thread 0x000001e0b4746040 DEOPT PACKING pc=0x000001e0c46e324c sp=0x000000772f2fd300
Event: 11.998 Thread 0x000001e0b4746040 DEOPT UNPACKING pc=0x000001e0c40a7da2 sp=0x000000772f2fd290 mode 2

Classes loaded (20 events):
Event: 11.956 Loading class sun/security/provider/SHA2$SHA256
Event: 11.956 Loading class sun/security/provider/SHA2
Event: 11.956 Loading class sun/security/provider/SHA2 done
Event: 11.956 Loading class sun/security/provider/SHA2$SHA256 done
Event: 12.241 Loading class java/lang/CloneNotSupportedException
Event: 12.241 Loading class java/lang/CloneNotSupportedException done
Event: 12.266 Loading class java/util/concurrent/LinkedTransferQueue
Event: 12.266 Loading class java/util/concurrent/TransferQueue
Event: 12.266 Loading class java/util/concurrent/TransferQueue done
Event: 12.266 Loading class java/util/concurrent/LinkedTransferQueue done
Event: 12.266 Loading class java/util/concurrent/LinkedTransferQueue$Node
Event: 12.266 Loading class java/util/concurrent/LinkedTransferQueue$Node done
Event: 12.281 Loading class java/lang/FdLibm$Log
Event: 12.281 Loading class java/lang/FdLibm$Log done
Event: 12.281 Loading class java/lang/FdLibm
Event: 12.281 Loading class java/lang/FdLibm done
Event: 12.293 Loading class java/util/zip/ZipOutputStream
Event: 12.293 Loading class java/util/zip/ZipOutputStream done
Event: 12.293 Loading class java/util/zip/ZipInputStream
Event: 12.294 Loading class java/util/zip/ZipInputStream done

Classes unloaded (0 events):
No events

Classes redefined (0 events):
No events

Internal exceptions (20 events):
Event: 12.139 Thread 0x000001e0b4746040 Exception <a 'sun/nio/fs/WindowsException'{0x00000006223dfbf8}> (0x00000006223dfbf8) 
thrown [s\open\src\hotspot\share\prims\jni.cpp, line 520]
Event: 12.139 Thread 0x000001e0b4746040 Exception <a 'sun/nio/fs/WindowsException'{0x00000006223dfea0}> (0x00000006223dfea0) 
thrown [s\open\src\hotspot\share\prims\jni.cpp, line 520]
Event: 12.140 Thread 0x000001e0b4746040 Exception <a 'sun/nio/fs/WindowsException'{0x00000006223e1300}> (0x00000006223e1300) 
thrown [s\open\src\hotspot\share\prims\jni.cpp, line 520]
Event: 12.140 Thread 0x000001e0b4746040 Exception <a 'sun/nio/fs/WindowsException'{0x00000006223e15a0}> (0x00000006223e15a0) 
thrown [s\open\src\hotspot\share\prims\jni.cpp, line 520]
Event: 12.140 Thread 0x000001e0b4746040 Exception <a 'sun/nio/fs/WindowsException'{0x00000006223e29e8}> (0x00000006223e29e8) 
thrown [s\open\src\hotspot\share\prims\jni.cpp, line 520]
Event: 12.140 Thread 0x000001e0b4746040 Exception <a 'sun/nio/fs/WindowsException'{0x00000006223e2c88}> (0x00000006223e2c88) 
thrown [s\open\src\hotspot\share\prims\jni.cpp, line 520]
Event: 12.140 Thread 0x000001e0b4746040 Exception <a 'sun/nio/fs/WindowsException'{0x00000006223e4140}> (0x00000006223e4140) 
thrown [s\open\src\hotspot\share\prims\jni.cpp, line 520]
Event: 12.141 Thread 0x000001e0b4746040 Exception <a 'sun/nio/fs/WindowsException'{0x00000006223e43f8}> (0x00000006223e43f8) 
thrown [s\open\src\hotspot\share\prims\jni.cpp, line 520]
Event: 12.141 Thread 0x000001e0b4746040 Exception <a 'sun/nio/fs/WindowsException'{0x00000006223e5720}> (0x00000006223e5720) 
thrown [s\open\src\hotspot\share\prims\jni.cpp, line 520]
Event: 12.141 Thread 0x000001e0b4746040 Exception <a 'sun/nio/fs/WindowsException'{0x00000006223e5970}> (0x00000006223e5970) 
thrown [s\open\src\hotspot\share\prims\jni.cpp, line 520]
Event: 12.141 Thread 0x000001e0b4746040 Exception <a 'sun/nio/fs/WindowsException'{0x00000006223e6cb8}> (0x00000006223e6cb8) 
thrown [s\open\src\hotspot\share\prims\jni.cpp, line 520]
Event: 12.141 Thread 0x000001e0b4746040 Exception <a 'sun/nio/fs/WindowsException'{0x00000006223e6f18}> (0x00000006223e6f18) 
thrown [s\open\src\hotspot\share\prims\jni.cpp, line 520]
Event: 12.142 Thread 0x000001e0b4746040 Exception <a 'sun/nio/fs/WindowsException'{0x00000006223e8240}> (0x00000006223e8240) 
thrown [s\open\src\hotspot\share\prims\jni.cpp, line 520]
Event: 12.142 Thread 0x000001e0b4746040 Exception <a 'sun/nio/fs/WindowsException'{0x00000006223e8490}> (0x00000006223e8490) 
thrown [s\open\src\hotspot\share\prims\jni.cpp, line 520]
Event: 12.142 Thread 0x000001e0b4746040 Exception <a 'sun/nio/fs/WindowsException'{0x00000006223e97b8}> (0x00000006223e97b8) 
thrown [s\open\src\hotspot\share\prims\jni.cpp, line 520]
Event: 12.142 Thread 0x000001e0b4746040 Exception <a 'sun/nio/fs/WindowsException'{0x00000006223e9a08}> (0x00000006223e9a08) 
thrown [s\open\src\hotspot\share\prims\jni.cpp, line 520]
Event: 12.142 Thread 0x000001e0b4746040 Exception <a 'sun/nio/fs/WindowsException'{0x00000006223ead30}> (0x00000006223ead30) 
thrown [s\open\src\hotspot\share\prims\jni.cpp, line 520]
Event: 12.142 Thread 0x000001e0b4746040 Exception <a 'sun/nio/fs/WindowsException'{0x00000006223eaf80}> (0x00000006223eaf80) 
thrown [s\open\src\hotspot\share\prims\jni.cpp, line 520]
Event: 12.143 Thread 0x000001e0b4746040 Exception <a 'sun/nio/fs/WindowsException'{0x00000006223ec310}> (0x00000006223ec310) 
thrown [s\open\src\hotspot\share\prims\jni.cpp, line 520]
Event: 12.143 Thread 0x000001e0b4746040 Exception <a 'sun/nio/fs/WindowsException'{0x00000006223ec580}> (0x00000006223ec580) 
thrown [s\open\src\hotspot\share\prims\jni.cpp, line 520]

ZGC Phase Switch (0 events):
No events

VM Operations (20 events):
Event: 7.294 Executing VM operation: G1CollectForAllocation (G1 Evacuation Pause)
Event: 7.301 Executing VM operation: G1CollectForAllocation (G1 Evacuation Pause) done
Event: 7.705 Executing VM operation: HandshakeAllThreads (Deoptimize)
Event: 7.705 Executing VM operation: HandshakeAllThreads (Deoptimize) done
Event: 8.708 Executing VM operation: Cleanup
Event: 8.708 Executing VM operation: Cleanup done
Event: 9.719 Executing VM operation: Cleanup
Event: 9.719 Executing VM operation: Cleanup done
Event: 10.093 Executing VM operation: G1CollectForAllocation (G1 Evacuation Pause)
Event: 10.098 Executing VM operation: G1CollectForAllocation (G1 Evacuation Pause) done
Event: 11.106 Executing VM operation: Cleanup
Event: 11.106 Executing VM operation: Cleanup done
Event: 11.909 Executing VM operation: HandshakeAllThreads (Deoptimize)
Event: 11.909 Executing VM operation: HandshakeAllThreads (Deoptimize) done
Event: 11.910 Executing VM operation: HandshakeAllThreads (Deoptimize)
Event: 11.910 Executing VM operation: HandshakeAllThreads (Deoptimize) done
Event: 11.947 Executing VM operation: HandshakeAllThreads (Deoptimize)
Event: 11.948 Executing VM operation: HandshakeAllThreads (Deoptimize) done
Event: 11.984 Executing VM operation: HandshakeAllThreads (Deoptimize)
Event: 11.984 Executing VM operation: HandshakeAllThreads (Deoptimize) done

Events (20 events):
Event: 0.060 Thread 0x000001e0d8ce4610 Thread added: 0x000001e0d8ce4610
Event: 0.060 Thread 0x000001e0d8ce6280 Thread added: 0x000001e0d8ce6280
Event: 0.060 Thread 0x000001e0d8ce7560 Thread added: 0x000001e0d8ce7560
Event: 0.060 Thread 0x000001e0d8cf0850 Thread added: 0x000001e0d8cf0850
Event: 0.060 Thread 0x000001e0d8cf7460 Thread added: 0x000001e0d8cf7460
Event: 0.061 Thread 0x000001e0d8cf7f70 Thread added: 0x000001e0d8cf7f70
Event: 0.161 Thread 0x000001e0d8ee20d0 Thread added: 0x000001e0d8ee20d0
Event: 0.232 Thread 0x000001e11e211660 Thread added: 0x000001e11e211660
Event: 0.371 Thread 0x000001e11ea67e30 Thread added: 0x000001e11ea67e30
Event: 0.371 Thread 0x000001e11ea6e5a0 Thread added: 0x000001e11ea6e5a0
Event: 1.173 Thread 0x000001e11e211660 Thread exited: 0x000001e11e211660
Event: 1.211 Thread 0x000001e11ec8d900 Thread added: 0x000001e11ec8d900
Event: 5.845 Thread 0x000001e11ec8d900 Thread exited: 0x000001e11ec8d900
Event: 6.889 Thread 0x000001e11ebb24c0 Thread added: 0x000001e11ebb24c0
Event: 7.594 Thread 0x000001e0b2475400 Thread added: 0x000001e0b2475400
Event: 8.319 Thread 0x000001e11ebb24c0 Thread exited: 0x000001e11ebb24c0
Event: 11.745 Thread 0x000001e11ef1daf0 Thread added: 0x000001e11ef1daf0
Event: 11.745 Thread 0x000001e11ef174c0 Thread added: 0x000001e11ef174c0
Event: 11.875 Thread 0x000001e1200a6290 Thread added: 0x000001e1200a6290
Event: 12.144 Thread 0x000001e1200a6290 Thread exited: 0x000001e1200a6290


Dynamic libraries:
0x00007ff6c7730000 - 0x00007ff6c7740000 	C:\Program Files\Java\jdk-21\bin\java.exe
0x00007ffa1f3b0000 - 0x00007ffa1f5a8000 	C:\Windows\SYSTEM32\ntdll.dll
0x00007ffa1d470000 - 0x00007ffa1d52d000 	C:\Windows\System32\KERNEL32.DLL
0x00007ffa1ccd0000 - 0x00007ffa1cfc6000 	C:\Windows\System32\KERNELBASE.dll
0x00007ffa17810000 - 0x00007ffa178a0000 	C:\Windows\SYSTEM32\apphelp.dll
0x00007ff9c5660000 - 0x00007ff9c5af6000 	C:\Windows\SYSTEM32\AcLayers.DLL
0x00007ffa1e0c0000 - 0x00007ffa1e15e000 	C:\Windows\System32\msvcrt.dll
0x00007ffa1dd60000 - 0x00007ffa1deff000 	C:\Windows\System32\USER32.dll
0x00007ffa1cb10000 - 0x00007ffa1cb32000 	C:\Windows\System32\win32u.dll
0x00007ffa1eda0000 - 0x00007ffa1edcb000 	C:\Windows\System32\GDI32.dll
0x00007ffa1d1d0000 - 0x00007ffa1d2e7000 	C:\Windows\System32\gdi32full.dll
0x00007ffa1d2f0000 - 0x00007ffa1d38d000 	C:\Windows\System32\msvcp_win.dll
0x00007ffa1cbd0000 - 0x00007ffa1ccd0000 	C:\Windows\System32\ucrtbase.dll
0x00007ffa1d5f0000 - 0x00007ffa1dd5b000 	C:\Windows\System32\SHELL32.dll
0x00007ffa1e930000 - 0x00007ffa1e985000 	C:\Windows\System32\SHLWAPI.dll
0x00007ffa1e880000 - 0x00007ffa1e930000 	C:\Windows\System32\ADVAPI32.dll
0x00007ffa1d530000 - 0x00007ffa1d5d0000 	C:\Windows\System32\sechost.dll
0x00007ffa1eb90000 - 0x00007ffa1ecb3000 	C:\Windows\System32\RPCRT4.dll
0x00007ffa1d1a0000 - 0x00007ffa1d1c7000 	C:\Windows\System32\bcrypt.dll
0x000001e0b2250000 - 0x000001e0b2253000 	C:\Windows\SYSTEM32\sfc.dll
0x00007ff9ff720000 - 0x00007ff9ff7c5000 	C:\Windows\SYSTEM32\WINSPOOL.DRV
0x00007ffa1e3c0000 - 0x00007ffa1e713000 	C:\Windows\System32\combase.dll
0x00007ffa1df00000 - 0x00007ffa1dfad000 	C:\Windows\System32\shcore.dll
0x00007ff9d9180000 - 0x00007ff9d9192000 	C:\Windows\SYSTEM32\sfc_os.DLL
0x00007ffa1e160000 - 0x00007ffa1e192000 	C:\Windows\System32\IMM32.DLL
0x00007ffa09e70000 - 0x00007ffa09e89000 	C:\Program Files\Java\jdk-21\bin\jli.dll
0x00007ffa10cb0000 - 0x00007ffa10ccb000 	C:\Program Files\Java\jdk-21\bin\VCRUNTIME140.dll
0x00007ff9eea30000 - 0x00007ff9eecca000 	C:\Windows\WinSxS\amd64_microsoft.windows.common-controls_6595b64144ccf1df_6.0.19041.3636_none_60b6a03d71f818d5\COMCTL32.dll
0x00007ffa137a0000 - 0x00007ffa137aa000 	C:\Windows\SYSTEM32\VERSION.dll
0x00007ffa0a770000 - 0x00007ffa0a77c000 	C:\Program Files\Java\jdk-21\bin\vcruntime140_1.dll
0x00007ff9eb590000 - 0x00007ff9eb61e000 	C:\Program Files\Java\jdk-21\bin\msvcp140.dll
0x00007ff9b44f0000 - 0x00007ff9b5205000 	C:\Program Files\Java\jdk-21\bin\server\jvm.dll
0x00007ffa1e720000 - 0x00007ffa1e78b000 	C:\Windows\System32\WS2_32.dll
0x00007ffa1bfa0000 - 0x00007ffa1bfeb000 	C:\Windows\SYSTEM32\POWRPROF.dll
0x00007ffa06e70000 - 0x00007ffa06e97000 	C:\Windows\SYSTEM32\WINMM.dll
0x00007ffa1be60000 - 0x00007ffa1be72000 	C:\Windows\SYSTEM32\UMPDC.dll
0x00007ffa1b280000 - 0x00007ffa1b292000 	C:\Windows\SYSTEM32\kernel.appcore.dll
0x00007ffa0a4c0000 - 0x00007ffa0a4ca000 	C:\Program Files\Java\jdk-21\bin\jimage.dll
0x00007ffa1a690000 - 0x00007ffa1a874000 	C:\Windows\SYSTEM32\DBGHELP.DLL
0x00007ffa11730000 - 0x00007ffa11764000 	C:\Windows\SYSTEM32\dbgcore.DLL
0x00007ffa1cb40000 - 0x00007ffa1cbc2000 	C:\Windows\System32\bcryptPrimitives.dll
0x00007ff9f65c0000 - 0x00007ff9f65cf000 	C:\Program Files\Java\jdk-21\bin\instrument.dll
0x00007ffa01c00000 - 0x00007ffa01c1f000 	C:\Program Files\Java\jdk-21\bin\java.dll
0x00007ffa1aad0000 - 0x00007ffa1b26e000 	C:\Windows\SYSTEM32\windows.storage.dll
0x00007ffa1c490000 - 0x00007ffa1c4be000 	C:\Windows\SYSTEM32\Wldp.dll
0x00007ffa1e990000 - 0x00007ffa1ea5d000 	C:\Windows\System32\OLEAUT32.dll
0x00007ffa1c990000 - 0x00007ffa1c9b3000 	C:\Windows\SYSTEM32\profapi.dll
0x00007ff9e93a0000 - 0x00007ff9e9477000 	C:\Program Files\Java\jdk-21\bin\jsvml.dll
0x00007ff9f94b0000 - 0x00007ff9f94c8000 	C:\Program Files\Java\jdk-21\bin\zip.dll
0x00007ffa03c90000 - 0x00007ffa03ca0000 	C:\Program Files\Java\jdk-21\bin\net.dll
0x00007ffa13b90000 - 0x00007ffa13c9a000 	C:\Windows\SYSTEM32\WINHTTP.dll
0x00007ffa1c1f0000 - 0x00007ffa1c25a000 	C:\Windows\system32\mswsock.dll
0x00007ffa01be0000 - 0x00007ffa01bf6000 	C:\Program Files\Java\jdk-21\bin\nio.dll
0x00007ff9f65a0000 - 0x00007ff9f65ba000 	C:\Program Files\JetBrains\IntelliJ IDEA Community Edition 2023.2.5\bin\breakgen64.dll
0x00007ff9f6790000 - 0x00007ff9f6797000 	C:\Program Files\Java\jdk-21\bin\extnet.dll
0x00007ff9f6730000 - 0x00007ff9f6740000 	C:\Program Files\Java\jdk-21\bin\verify.dll
0x000001e0b26d0000 - 0x000001e0b26d3000 	C:\Users\Michal_Mordarski\.javacpp\cache\javacpp-1.5.3-windows-x86_64.jar\org\bytedeco\javacpp\windows-x86_64\api-ms-win-crt-locale-l1-1-0.dll
0x000001e0b45d0000 - 0x000001e0b45d4000 	C:\Users\Michal_Mordarski\.javacpp\cache\javacpp-1.5.3-windows-x86_64.jar\org\bytedeco\javacpp\windows-x86_64\api-ms-win-crt-string-l1-1-0.dll
0x000001e0b45e0000 - 0x000001e0b45e4000 	C:\Users\Michal_Mordarski\.javacpp\cache\javacpp-1.5.3-windows-x86_64.jar\org\bytedeco\javacpp\windows-x86_64\api-ms-win-crt-stdio-l1-1-0.dll
0x000001e0b45f0000 - 0x000001e0b45f5000 	C:\Users\Michal_Mordarski\.javacpp\cache\javacpp-1.5.3-windows-x86_64.jar\org\bytedeco\javacpp\windows-x86_64\api-ms-win-crt-math-l1-1-0.dll
0x000001e0b4600000 - 0x000001e0b4603000 	C:\Users\Michal_Mordarski\.javacpp\cache\javacpp-1.5.3-windows-x86_64.jar\org\bytedeco\javacpp\windows-x86_64\api-ms-win-crt-heap-l1-1-0.dll
0x000001e0b4610000 - 0x000001e0b4614000 	C:\Users\Michal_Mordarski\.javacpp\cache\javacpp-1.5.3-windows-x86_64.jar\org\bytedeco\javacpp\windows-x86_64\api-ms-win-crt-runtime-l1-1-0.dll
0x000001e0b4620000 - 0x000001e0b4624000 	C:\Users\Michal_Mordarski\.javacpp\cache\javacpp-1.5.3-windows-x86_64.jar\org\bytedeco\javacpp\windows-x86_64\api-ms-win-crt-convert-l1-1-0.dll
0x000001e0b4630000 - 0x000001e0b4633000 	C:\Users\Michal_Mordarski\.javacpp\cache\javacpp-1.5.3-windows-x86_64.jar\org\bytedeco\javacpp\windows-x86_64\api-ms-win-crt-environment-l1-1-0.dll
0x000001e0b4640000 - 0x000001e0b4643000 	C:\Users\Michal_Mordarski\.javacpp\cache\javacpp-1.5.3-windows-x86_64.jar\org\bytedeco\javacpp\windows-x86_64\api-ms-win-crt-time-l1-1-0.dll
0x000001e0b4650000 - 0x000001e0b4653000 	C:\Users\Michal_Mordarski\.javacpp\cache\javacpp-1.5.3-windows-x86_64.jar\org\bytedeco\javacpp\windows-x86_64\api-ms-win-crt-filesystem-l1-1-0.dll
0x000001e0b4660000 - 0x000001e0b4663000 	C:\Users\Michal_Mordarski\.javacpp\cache\javacpp-1.5.3-windows-x86_64.jar\org\bytedeco\javacpp\windows-x86_64\api-ms-win-crt-utility-l1-1-0.dll
0x000001e0b4670000 - 0x000001e0b4675000 	C:\Users\Michal_Mordarski\.javacpp\cache\javacpp-1.5.3-windows-x86_64.jar\org\bytedeco\javacpp\windows-x86_64\api-ms-win-crt-multibyte-l1-1-0.dll
0x000001e0b4680000 - 0x000001e0b4683000 	C:\Users\Michal_Mordarski\.javacpp\cache\javacpp-1.5.3-windows-x86_64.jar\org\bytedeco\javacpp\windows-x86_64\api-ms-win-core-string-l1-1-0.dll
0x000001e0d8fc0000 - 0x000001e0d8fc3000 	C:\Users\Michal_Mordarski\.javacpp\cache\javacpp-1.5.3-windows-x86_64.jar\org\bytedeco\javacpp\windows-x86_64\api-ms-win-core-errorhandling-l1-1-0.dll
0x000001e0d8fd0000 - 0x000001e0d8fd3000 	C:\Users\Michal_Mordarski\.javacpp\cache\javacpp-1.5.3-windows-x86_64.jar\org\bytedeco\javacpp\windows-x86_64\api-ms-win-core-timezone-l1-1-0.dll
0x000001e0d8fe0000 - 0x000001e0d8fe4000 	C:\Users\Michal_Mordarski\.javacpp\cache\javacpp-1.5.3-windows-x86_64.jar\org\bytedeco\javacpp\windows-x86_64\api-ms-win-core-file-l1-1-0.dll
0x000001e0d8ff0000 - 0x000001e0d8ff3000 	C:\Users\Michal_Mordarski\.javacpp\cache\javacpp-1.5.3-windows-x86_64.jar\org\bytedeco\javacpp\windows-x86_64\api-ms-win-core-namedpipe-l1-1-0.dll
0x000001e1209b0000 - 0x000001e1209b3000 	C:\Users\Michal_Mordarski\.javacpp\cache\javacpp-1.5.3-windows-x86_64.jar\org\bytedeco\javacpp\windows-x86_64\api-ms-win-core-handle-l1-1-0.dll
0x000001e1209c0000 - 0x000001e1209c3000 	C:\Users\Michal_Mordarski\.javacpp\cache\javacpp-1.5.3-windows-x86_64.jar\org\bytedeco\javacpp\windows-x86_64\api-ms-win-core-file-l2-1-0.dll
0x000001e1209d0000 - 0x000001e1209d3000 	C:\Users\Michal_Mordarski\.javacpp\cache\javacpp-1.5.3-windows-x86_64.jar\org\bytedeco\javacpp\windows-x86_64\api-ms-win-core-heap-l1-1-0.dll
0x000001e1209e0000 - 0x000001e1209e3000 	C:\Users\Michal_Mordarski\.javacpp\cache\javacpp-1.5.3-windows-x86_64.jar\org\bytedeco\javacpp\windows-x86_64\api-ms-win-core-libraryloader-l1-1-0.dll
0x000001e1209f0000 - 0x000001e1209f3000 	C:\Users\Michal_Mordarski\.javacpp\cache\javacpp-1.5.3-windows-x86_64.jar\org\bytedeco\javacpp\windows-x86_64\api-ms-win-core-synch-l1-1-0.dll
0x000001e120a00000 - 0x000001e120a03000 	C:\Users\Michal_Mordarski\.javacpp\cache\javacpp-1.5.3-windows-x86_64.jar\org\bytedeco\javacpp\windows-x86_64\api-ms-win-core-processthreads-l1-1-0.dll
0x000001e120a10000 - 0x000001e120a13000 	C:\Users\Michal_Mordarski\.javacpp\cache\javacpp-1.5.3-windows-x86_64.jar\org\bytedeco\javacpp\windows-x86_64\api-ms-win-core-processenvironment-l1-1-0.dll
0x000001e120a20000 - 0x000001e120a23000 	C:\Users\Michal_Mordarski\.javacpp\cache\javacpp-1.5.3-windows-x86_64.jar\org\bytedeco\javacpp\windows-x86_64\api-ms-win-core-datetime-l1-1-0.dll
0x000001e120a30000 - 0x000001e120a33000 	C:\Users\Michal_Mordarski\.javacpp\cache\javacpp-1.5.3-windows-x86_64.jar\org\bytedeco\javacpp\windows-x86_64\api-ms-win-core-localization-l1-2-0.dll
0x000001e120a40000 - 0x000001e120a43000 	C:\Users\Michal_Mordarski\.javacpp\cache\javacpp-1.5.3-windows-x86_64.jar\org\bytedeco\javacpp\windows-x86_64\api-ms-win-core-sysinfo-l1-1-0.dll
0x000001e120a50000 - 0x000001e120a53000 	C:\Users\Michal_Mordarski\.javacpp\cache\javacpp-1.5.3-windows-x86_64.jar\org\bytedeco\javacpp\windows-x86_64\api-ms-win-core-synch-l1-2-0.dll
0x000001e120a60000 - 0x000001e120a63000 	C:\Users\Michal_Mordarski\.javacpp\cache\javacpp-1.5.3-windows-x86_64.jar\org\bytedeco\javacpp\windows-x86_64\api-ms-win-core-console-l1-1-0.dll
0x000001e120a70000 - 0x000001e120a73000 	C:\Users\Michal_Mordarski\.javacpp\cache\javacpp-1.5.3-windows-x86_64.jar\org\bytedeco\javacpp\windows-x86_64\api-ms-win-core-debug-l1-1-0.dll
0x000001e120a80000 - 0x000001e120a83000 	C:\Users\Michal_Mordarski\.javacpp\cache\javacpp-1.5.3-windows-x86_64.jar\org\bytedeco\javacpp\windows-x86_64\api-ms-win-core-rtlsupport-l1-1-0.dll
0x000001e120a90000 - 0x000001e120a93000 	C:\Users\Michal_Mordarski\.javacpp\cache\javacpp-1.5.3-windows-x86_64.jar\org\bytedeco\javacpp\windows-x86_64\api-ms-win-core-processthreads-l1-1-1.dll
0x000001e120aa0000 - 0x000001e120aa3000 	C:\Users\Michal_Mordarski\.javacpp\cache\javacpp-1.5.3-windows-x86_64.jar\org\bytedeco\javacpp\windows-x86_64\api-ms-win-core-file-l1-2-0.dll
0x000001e120ab0000 - 0x000001e120ab3000 	C:\Users\Michal_Mordarski\.javacpp\cache\javacpp-1.5.3-windows-x86_64.jar\org\bytedeco\javacpp\windows-x86_64\api-ms-win-core-profile-l1-1-0.dll
0x000001e120ac0000 - 0x000001e120ac3000 	C:\Users\Michal_Mordarski\.javacpp\cache\javacpp-1.5.3-windows-x86_64.jar\org\bytedeco\javacpp\windows-x86_64\api-ms-win-core-memory-l1-1-0.dll
0x000001e120ad0000 - 0x000001e120ad3000 	C:\Users\Michal_Mordarski\.javacpp\cache\javacpp-1.5.3-windows-x86_64.jar\org\bytedeco\javacpp\windows-x86_64\api-ms-win-core-util-l1-1-0.dll
0x000001e120ae0000 - 0x000001e120ae3000 	C:\Users\Michal_Mordarski\.javacpp\cache\javacpp-1.5.3-windows-x86_64.jar\org\bytedeco\javacpp\windows-x86_64\api-ms-win-core-interlocked-l1-1-0.dll
0x00007ff9da5c0000 - 0x00007ff9da6ba000 	C:\Users\Michal_Mordarski\.javacpp\cache\javacpp-1.5.3-windows-x86_64.jar\org\bytedeco\javacpp\windows-x86_64\ucrtbase.dll
0x00007ff9f0cb0000 - 0x00007ff9f0cc5000 	C:\Users\Michal_Mordarski\.javacpp\cache\javacpp-1.5.3-windows-x86_64.jar\org\bytedeco\javacpp\windows-x86_64\vcruntime140.dll
0x00007ff9e6840000 - 0x00007ff9e68db000 	C:\Users\Michal_Mordarski\.javacpp\cache\javacpp-1.5.3-windows-x86_64.jar\org\bytedeco\javacpp\windows-x86_64\msvcp140.dll
0x00007ff9e9620000 - 0x00007ff9e9671000 	C:\Users\Michal_Mordarski\.javacpp\cache\javacpp-1.5.3-windows-x86_64.jar\org\bytedeco\javacpp\windows-x86_64\concrt140.dll
0x00007ff9ec9e0000 - 0x00007ff9eca07000 	C:\Users\Michal_Mordarski\.javacpp\cache\javacpp-1.5.3-windows-x86_64.jar\org\bytedeco\javacpp\windows-x86_64\vcomp140.dll
0x00007ff9f3ea0000 - 0x00007ff9f3eae000 	C:\Users\Michal_Mordarski\.javacpp\cache\javacpp-1.5.3-windows-x86_64.jar\org\bytedeco\javacpp\windows-x86_64\jnijavacpp.dll
0x000000006d7c0000 - 0x000000006f337000 	C:\Users\Michal_Mordarski\.javacpp\cache\openblas-0.3.9-1-1.5.3-windows-x86_64.jar\org\bytedeco\openblas\windows-x86_64\libopenblas_nolapack.dll
0x00007ff9e9190000 - 0x00007ff9e91ea000 	C:\Users\Michal_Mordarski\.javacpp\cache\openblas-0.3.9-1-1.5.3-windows-x86_64.jar\org\bytedeco\openblas\windows-x86_64\jniopenblas_nolapack.dll
0x0000000000240000 - 0x0000000001db7000 	C:\Users\Michal_Mordarski\.javacpp\cache\openblas-0.3.9-1-1.5.3-windows-x86_64.jar\org\bytedeco\openblas\windows-x86_64\libopenblas.dll
0x00007ff9b3100000 - 0x00007ff9b44ed000 	C:\Users\Michal_Mordarski\.javacpp\cache\openblas-0.3.9-1-1.5.3-windows-x86_64.jar\org\bytedeco\openblas\windows-x86_64\jniopenblas.dll
0x0000000064940000 - 0x0000000064956000 	C:\Users\Michal_Mordarski\.javacpp\cache\nd4j-native-1.0.0-beta7-windows-x86_64.jar\org\nd4j\nativeblas\windows-x86_64\libwinpthread-1.dll
0x0000000061440000 - 0x000000006145c000 	C:\Users\Michal_Mordarski\.javacpp\cache\nd4j-native-1.0.0-beta7-windows-x86_64.jar\org\nd4j\nativeblas\windows-x86_64\libgcc_s_seh-1.dll
0x0000000063600000 - 0x0000000063633000 	C:\Users\Michal_Mordarski\.javacpp\cache\nd4j-native-1.0.0-beta7-windows-x86_64.jar\org\nd4j\nativeblas\windows-x86_64\libgomp-1.dll
0x000000006fc40000 - 0x000000006fdf3000 	C:\Users\Michal_Mordarski\.javacpp\cache\nd4j-native-1.0.0-beta7-windows-x86_64.jar\org\nd4j\nativeblas\windows-x86_64\libstdc++-6.dll
0x0000000001dc0000 - 0x000000000a42a000 	C:\Users\Michal_Mordarski\.javacpp\cache\nd4j-native-1.0.0-beta7-windows-x86_64.jar\org\nd4j\nativeblas\windows-x86_64\libnd4jcpu.dll
0x0000000066880000 - 0x0000000066b27000 	C:\Users\Michal_Mordarski\.javacpp\cache\nd4j-native-1.0.0-beta7-windows-x86_64.jar\org\nd4j\nativeblas\windows-x86_64\jnind4jcpu.dll
0x00007ffa1c3f0000 - 0x00007ffa1c408000 	C:\Windows\SYSTEM32\CRYPTSP.dll
0x00007ffa1baa0000 - 0x00007ffa1bad4000 	C:\Windows\system32\rsaenh.dll
0x00007ffa1c910000 - 0x00007ffa1c93e000 	C:\Windows\SYSTEM32\USERENV.dll
0x00007ffa1c3e0000 - 0x00007ffa1c3ec000 	C:\Windows\SYSTEM32\CRYPTBASE.dll
0x00007ffa1be80000 - 0x00007ffa1bebb000 	C:\Windows\SYSTEM32\IPHLPAPI.DLL
0x00007ffa1e1a0000 - 0x00007ffa1e1a8000 	C:\Windows\System32\NSI.dll

dbghelp: loaded successfully - version: 4.0.5 - missing functions: none
symbol engine: initialized successfully - sym options: 0x614 - pdb path: .;C:\Program Files\Java\jdk-21\bin;C:\Windows\SYSTEM32;C:\Windows\WinSxS\amd64_microsoft.windows.common-controls_6595b64144ccf1df_6.0.19041.3636_none_60b6a03d71f818d5;C:\Program Files\Java\jdk-21\bin\server;C:\Program Files\JetBrains\IntelliJ IDEA Community Edition 2023.2.5\bin;C:\Users\Michal_Mordarski\.javacpp\cache\javacpp-1.5.3-windows-x86_64.jar\org\bytedeco\javacpp\windows-x86_64;C:\Users\Michal_Mordarski\.javacpp\cache\openblas-0.3.9-1-1.5.3-windows-x86_64.jar\org\bytedeco\openblas\windows-x86_64;C:\Users\Michal_Mordarski\.javacpp\cache\nd4j-native-1.0.0-beta7-windows-x86_64.jar\org\nd4j\nativeblas\windows-x86_64

VM Arguments:
jvm_args: -javaagent:C:\Program Files\JetBrains\IntelliJ IDEA Community Edition 2023.2.5\lib\idea_rt.jar=61633:C:\Program Files\JetBrains\IntelliJ IDEA Community Edition 2023.2.5\bin -Dfile.encoding=UTF-8 -Dsun.stdout.encoding=UTF-8 -Dsun.stderr.encoding=UTF-8 
java_command: com.example.basics.SpeechRecognition
java_class_path (initial): C:\Users\Michal_Mordarski\IdeaProjects\speechToTextApp\target\classes;C:\Users\Michal_Mordarski\.m2\repository\org\apache\commons\commons-math3\3.6.1\commons-math3-3.6.1.jar;C:\Users\Michal_Mordarski\.m2\repository\org\deeplearning4j\deeplearning4j-core\1.0.0-beta7\deeplearning4j-core-1.0.0-beta7.jar;C:\Users\Michal_Mordarski\.m2\repository\org\deeplearning4j\deeplearning4j-tsne\1.0.0-beta7\deeplearning4j-tsne-1.0.0-beta7.jar;C:\Users\Michal_Mordarski\.m2\repository\org\deeplearning4j\nearestneighbor-core\1.0.0-beta7\nearestneighbor-core-1.0.0-beta7.jar;C:\Users\Michal_Mordarski\.m2\repository\org\deeplearning4j\deeplearning4j-datasets\1.0.0-beta7\deeplearning4j-datasets-1.0.0-beta7.jar;C:\Users\Michal_Mordarski\.m2\repository\org\deeplearning4j\deeplearning4j-common\1.0.0-beta7\deeplearning4j-common-1.0.0-beta7.jar;C:\Users\Michal_Mordarski\.m2\repository\org\deeplearning4j\deeplearning4j-datavec-iterators\1.0.0-beta7\deeplearning4j-datavec-iterators-1.0.0-beta7.jar;C:\Users\Michal_Mordarski\.m2\repository\org\deeplearning4j\deeplearning4j-modelimport\1.0.0-beta7\deeplearning4j-modelimport-1.0.0-beta7.jar;C:\Users\Michal_Mordarski\.m2\repository\com\google\code\gson\gson\2.8.0\gson-2.8.0.jar;C:\Users\Michal_Mordarski\.m2\repository\org\bytedeco\javacpp\1.5.3\javacpp-1.5.3.jar;C:\Users\Michal_Mordarski\.m2\repository\org\bytedeco\hdf5-platform\1.12.0-1.5.3\hdf5-platform-1.12.0-1.5.3.jar;C:\Users\Michal_Mordarski\.m2\repository\org\bytedeco\hdf5\1.12.0-1.5.3\hdf5-1.12.0-1.5.3.jar;C:\Users\Michal_Mordarski\.m2\repository\org\bytedeco\hdf5\1.12.0-1.5.3\hdf5-1.12.0-1.5.3-linux-x86.jar;C:\Users\Michal_Mordarski\.m2\repository\org\bytedeco\hdf5\1.12.0-1.5.3\hdf5-1.12.0-1.5.3-linux-x86_64.jar;C:\Users\Michal_Mordarski\.m2\repository\org\bytedeco\hdf5\1.12.0-1.5.3\hdf5-1.12.0-1.5.3-linux-armhf.jar;C:\Users\Michal_Mordarski\.m2\repository\org\bytedeco\hdf5\1.12.0-1.5.3\hdf5-1.12.0-1.5.3-linux-arm64.jar;C:\Users\Michal_Mordarski\.m2\repository\org\bytedeco\hdf5\1.12.0-1.5.3\hdf5-1.12.0-1.5.3-linux-ppc64le.jar;C:\Users\Michal_Mordarski\.m2\repository\org\bytedeco\hdf5\1.12.0-1.5.3\hdf5-1.12.0-1.5.3-macosx-x86_64.jar;C:\Users\Michal_Mordarski\.m2\repository\org\bytedeco\hdf5\1.12.0-1.5.3\hdf5-1.12.0-1.5.3-windows-x86.jar;C:\Users\Michal_Mordarski\.m2\repository\org\bytedeco\hdf5\1.12.0-1.5.3\hdf5-1.12.0-1.5.3-windows-x86_64.jar;C:\Users\Michal_Mordarski\.m2\repository\org\slf4j\slf4j-api\1.7.21\slf4j-api-1.7.21.jar;C:\Users\Michal_Mordarski\.m2\repository\org\deeplearning4j\deeplearning4j-nn\1.0.0-beta7\deeplearning4j-nn-1.0.0-beta7.jar;C:\Users\Michal_Mordarski\.m2\repository\org\deeplearning4j\deeplearning4j-utility-iterators\1.0.0-beta7\deeplearning4j-utility-iterators-1.0.0-beta7.jar;C:\Users\Michal_Mordarski\.m2\repository\org\lucee\oswego-concurrent\1.3.4\oswego-concurrent-1.3.4.jar;C:\Users\Michal_Mordarski\.m2\repository\org\nd4j\nd4j-native-api\1.0.0-beta7\nd4j-native-api-1.0.0-beta7.jar;C:\Users\Michal_Mordarski\.m2\repository\org\nd4j\nd4j-common\1.0.0-beta7\nd4j-common-1.0.0-beta7.jar;C:\Users\Michal_Mordarski\.m2\repository\org\nd4j\guava\1.0.0-beta7\guava-1.0.0-beta7.jar;C:\Users\Michal_Mordarski\.m2\repository\it\unimi\dsi\fastutil\6.5.7\fastutil-6.5.7.jar;C:\Users\Michal_Mordarski\.m2\repository\commons-io\commons-io\2.5\commons-io-2.5.jar;C:\Users\Michal_Mordarski\.m2\repository\org\apache\commons\commons-compress\1.18\commons-compress-1.18.jar;C:\Users\Michal_Mordarski\.m2\repository\org\nd4j\nd4j-api\1.0.0-beta7\nd4j-api-1.0.0-beta7.jar;C:\Users\Michal_Mordarski\.m2\repository\com\jakewharton\byteunits\byteunits\0.9.1\byteunits-0.9.1.jar;C:\Users\Michal_Mordarski\.m2\repository\com\google\flatbuffers\flatbuffers-java\1.10.0\flatbuffers-java-1.10.0.jar;C:\Users\Michal_Mordarski\.m2\repository\org\nd4j\protobuf\1.0.0-beta7\protobuf-1.0.0-beta7.jar;C:\Users\Michal_Mordarski\.m2\repository\commons-net\commons-net\3.1\commons-net-3.1.jar;C:\Users\Michal_Mordarski\.m2\repository\net\ericaro\neoitertools\1.0.0\neoitertools-1.0.0.jar;C:\Users\Michal_Mordarski\.m2\repository\org\apache\commons\commons-lang3\3.6\commons-lang3-3.6.jar;C:\Users\Michal_Mordarski\.m2\repository\org\nd4j\jackson\1.0.0-beta7\jackson-1.0.0-beta7.jar;C:\Users\Michal_Mordarski\.m2\repository\org\datavec\datavec-api\1.0.0-beta7\datavec-api-1.0.0-beta7.jar;C:\Users\Michal_Mordarski\.m2\repository\commons-codec\commons-codec\1.10\commons-codec-1.10.jar;C:\Users\Michal_Mordarski\.m2\repository\joda-time\joda-time\2.2\joda-time-2.2.jar;C:\Users\Michal_Mordarski\.m2\repository\org\freemarker\freemarker\2.3.23\freemarker-2.3.23.jar;C:\Users\Michal_Mordarski\.m2\repository\com\clearspring\analytics\stream\2.9.8\stream-2.9.8.jar;C:\Users\Michal_Mordarski\.m2\repository\net\sf\opencsv\opencsv\2.3\opencsv-2.3.jar;C:\Users\Michal_Mordarski\.m2\repository\com\tdunning\t-digest\3.2\t-digest-3.2.jar;C:\Users\Michal_Mordarski\.m2\repository\org\datavec\datavec-data-image\1.0.0-beta7\datavec-data-image-1.0.0-beta7.jar;C:\Users\Michal_Mordarski\.m2\repository\com\github\jai-imageio\jai-imageio-core\1.3.0\jai-imageio-core-1.3.0.jar;C:\Users\Michal_Mordarski\.m2\repository\com\twelvemonkeys\imageio\imageio-jpeg\3.1.1\imageio-jpeg-3.1.1.jar;C:\Users\Michal_Mordarski\.m2\repository\com\twelvemonkeys\imageio\imageio-core\3.1.1\imageio-core-3.1.1.jar;C:\Users\Michal_Mordarski\.m2\repository\com\twelvemonkeys\imageio\imageio-metadata\3.1.1\imageio-metadata-3.1.1.jar;C:\Users\Michal_Mordarski\.m2\repository\com\twelvemonkeys\common\common-lang\3.1.1\common-lang-3.1.1.jar;C:\Users\Michal_Mordarski\.m2\repository\com\twelvemonkeys\common\common-io\3.1.1\common-io-3.1.1.jar;C:\Users\Michal_Mordarski\.m2\repository\com\twelvemonkeys\common\common-image\3.1.1\common-image-3.1.1.jar;C:\Users\Michal_Mordarski\.m2\repository\com\twelvemonkeys\imageio\imageio-tiff\3.1.1\imageio-tiff-3.1.1.jar;C:\Users\Michal_Mordarski\.m2\repository\com\twelvemonkeys\imageio\imageio-psd\3.1.1\imageio-psd-3.1.1.jar;C:\Users\Michal_Mordarski\.m2\repository\com\twelvemonkeys\imageio\imageio-bmp\3.1.1\imageio-bmp-3.1.1.jar;C:\Users\Michal_Mordarski\.m2\repository\org\bytedeco\javacv\1.5.3\javacv-1.5.3.jar;C:\Users\Michal_Mordarski\.m2\repository\org\bytedeco\opencv\4.3.0-1.5.3\opencv-4.3.0-1.5.3.jar;C:\Users\Michal_Mordarski\.m2\repository\org\bytedeco\ffmpeg\4.2.2-1.5.3\ffmpeg-4.2.2-1.5.3.jar;C:\Users\Michal_Mordarski\.m2\repository\org\bytedeco\flycapture\2.13.3.31-1.5.3\flycapture-2.13.3.31-1.5.3.jar;C:\Users\Michal_Mordarski\.m2\repository\org\bytedeco\libdc1394\2.2.6-1.5.3\libdc1394-2.2.6-1.5.3.jar;C:\Users\Michal_Mordarski\.m2\repository\org\bytedeco\libfreenect\0.5.7-1.5.3\libfreenect-0.5.7-1.5.3.jar;C:\Users\Michal_Mordarski\.m2\repository\org\bytedeco\libfreenect2\0.2.0-1.5.3\libfreenect2-0.2.0-1.5.3.jar;C:\Users\Michal_Mordarski\.m2\repository\org\bytedeco\librealsense\1.12.4-1.5.3\librealsense-1.12.4-1.5.3.jar;C:\Users\Michal_Mordarski\.m2\repository\org\bytedeco\librealsense2\2.29.0-1.5.3\librealsense2-2.29.0-1.5.3.jar;C:\Users\Michal_Mordarski\.m2\repository\org\bytedeco\videoinput\0.200-1.5.3\videoinput-0.200-1.5.3.jar;C:\Users\Michal_Mordarski\.m2\repository\org\bytedeco\artoolkitplus\2.3.1-1.5.3\artoolkitplus-2.3.1-1.5.3.jar;C:\Users\Michal_Mordarski\.m2\repository\org\bytedeco\flandmark\1.07-1.5.3\flandmark-1.07-1.5.3.jar;C:\Users\Michal_Mordarski\.m2\repository\org\bytedeco\leptonica\1.79.0-1.5.3\leptonica-1.79.0-1.5.3.jar;C:\Users\Michal_Mordarski\.m2\repository\org\bytedeco\tesseract\4.1.1-1.5.3\tesseract-4.1.1-1.5.3.jar;C:\Users\Michal_Mordarski\.m2\repository\org\bytedeco\opencv-platform\4.3.0-1.5.3\opencv-platform-4.3.0-1.5.3.jar;C:\Users\Michal_Mordarski\.m2\repository\org\bytedeco\opencv\4.3.0-1.5.3\opencv-4.3.0-1.5.3-android-arm.jar;C:\Users\Michal_Mordarski\.m2\repository\org\bytedeco\opencv\4.3.0-1.5.3\opencv-4.3.0-1.5.3-android-arm64.jar;C:\Users\Michal_Mordarski\.m2\repository\org\bytedeco\opencv\4.3.0-1.5.3\opencv-4.3.0-1.5.3-android-x86.jar;C:\Users\Michal_Mordarski\.m2\repository\org\bytedeco\opencv\4.3.0-1.5.3\opencv-4.3.0-1.5.3-android-x86_64.jar;C:\Users\Michal_Mordarski\.m2\repository\org\bytedeco\opencv\4.3.0-1.5.3\opencv-4.3.0-1.5.3-ios-arm64.jar;C:\Users\Michal_Mordarski\.m2\repository\org\bytedeco\opencv\4.3.0-1.5.3\opencv-4.3.0-1.5.3-ios-x86_64.jar;C:\Users\Michal_Mordarski\.m2\repository\org\bytedeco\opencv\4.3.0-1.5.3\opencv-4.3.0-1.5.3-linux-x86.jar;C:\Users\Michal_Mordarski\.m2\repository\org\bytedeco\opencv\4.3.0-1.5.3\opencv-4.3.0-1.5.3-linux-x86_64.jar;C:\Users\Michal_Mordarski\.m2\repository\org\bytedeco\opencv\4.3.0-1.5.3\opencv-4.3.0-1.5.3-linux-armhf.jar;C:\Users\Michal_Mordarski\.m2\repository\org\bytedeco\opencv\4.3.0-1.5.3\opencv-4.3.0-1.5.3-linux-arm64.jar;C:\Users\Michal_Mordarski\.m2\repository\org\bytedeco\opencv\4.3.0-1.5.3\opencv-4.3.0-1.5.3-linux-ppc64le.jar;C:\Users\Michal_Mordarski\.m2\repository\org\bytedeco\opencv\4.3.0-1.5.3\opencv-4.3.0-1.5.3-macosx-x86_64.jar;C:\Users\Michal_Mordarski\.m2\repository\org\bytedeco\opencv\4.3.0-1.5.3\opencv-4.3.0-1.5.3-windows-x86.jar;C:\Users\Michal_Mordarski\.m2\repository\org\bytedeco\opencv\4.3.0-1.5.3\opencv-4.3.0-1.5.3-windows-x86_64.jar;C:\Users\Michal_Mordarski\.m2\repository\org\bytedeco\leptonica-platform\1.79.0-1.5.3\leptonica-platform-1.79.0-1.5.3.jar;C:\Users\Michal_Mordarski\.m2\repository\org\bytedeco\leptonica\1.79.0-1.5.3\leptonica-1.79.0-1.5.3-android-arm.jar;C:\Users\Michal_Mordarski\.m2\repository\org\bytedeco\leptonica\1.79.0-1.5.3\leptonica-1.79.0-1.5.3-android-arm64.jar;C:\Users\Michal_Mordarski\.m2\repository\org\bytedeco\leptonica\1.79.0-1.5.3\leptonica-1.79.0-1.5.3-android-x86.jar;C:\Users\Michal_Mordarski\.m2\repository\org\bytedeco\leptonica\1.79.0-1.5.3\leptonica-1.79.0-1.5.3-android-x86_64.jar;C:\Users\Michal_Mordarski\.m2\repository\org\bytedeco\leptonica\1.79.0-1.5.3\leptonica-1.79.0-1.5.3-linux-x86.jar;C:\Users\Michal_Mordarski\.m2\repository\org\bytedeco\leptonica\1.79.0-1.5.3\leptonica-1.79.0-1.5.3-linux-x86_64.jar;C:\Users\Michal_Mordarski\.m2\repository\org\bytedeco\leptonica\1.79.0-1.5.3\leptonica-1.79.0-1.5.3-linux-armhf.jar;C:\Users\Michal_Mordarski\.m2\repository\org\bytedeco\leptonica\1.79.0-1.5.3\leptonica-1.79.0-1.5.3-linux-arm64.jar;C:\Users\Michal_Mordarski\.m2\repository\org\bytedeco\leptonica\1.79.0-1.5.3\leptonica-1.79.0-1.5.3-linux-ppc64le.jar;C:\Users\Michal_Mordarski\.m2\repository\org\bytedeco\leptonica\1.79.0-1.5.3\leptonica-1.79.0-1.5.3-macosx-x86_64.jar;C:\Users\Michal_Mordarski\.m2\repository\org\bytedeco\leptonica\1.79.0-1.5.3\leptonica-1.79.0-1.5.3-windows-x86.jar;C:\Users\Michal_Mordarski\.m2\repository\org\bytedeco\leptonica\1.79.0-1.5.3\leptonica-1.79.0-1.5.3-windows-x86_64.jar;C:\Users\Michal_Mordarski\.m2\repository\org\deeplearning4j\deeplearning4j-ui-components\1.0.0-beta7\deeplearning4j-ui-components-1.0.0-beta7.jar;C:\Users\Michal_Mordarski\.m2\repository\com\github\oshi\oshi-json\3.4.2\oshi-json-3.4.2.jar;C:\Users\Michal_Mordarski\.m2\repository\org\glassfish\javax.json\1.0.4\javax.json-1.0.4.jar;C:\Users\Michal_Mordarski\.m2\repository\com\github\oshi\oshi-core\3.4.2\oshi-core-3.4.2.jar;C:\Users\Michal_Mordarski\.m2\repository\net\java\dev\jna\jna-platform\4.3.0\jna-platform-4.3.0.jar;C:\Users\Michal_Mordarski\.m2\repository\net\java\dev\jna\jna\4.3.0\jna-4.3.0.jar;C:\Users\Michal_Mordarski\.m2\repository\org\threeten\threetenbp\1.3.3\threetenbp-1.3.3.jar;C:\Users\Michal_Mordarski\.m2\repository\org\nd4j\nd4j-native-platform\1.0.0-beta7\nd4j-native-platform-1.0.0-beta7.jar;C:\Users\Michal_Mordarski\.m2\repository\org\bytedeco\openblas-platform\0.3.9-1-1.5.3\openblas-platform-0.3.9-1-1.5.3.jar;C:\Users\Michal_Mordarski\.m2\repository\org\bytedeco\javacpp-platform\1.5.3\javacpp-platform-1.5.3.jar;C:\Users\Michal_Mordarski\.m2\repository\org\bytedeco\javacpp\1.5.3\javacpp-1.5.3-android-arm.jar;C:\Users\Michal_Mordarski\.m2\repository\org\bytedeco\javacpp\1.5.3\javacpp-1.5.3-android-arm64.jar;C:\Users\Michal_Mordarski\.m2\repository\org\bytedeco\javacpp\1.5.3\javacpp-1.5.3-android-x86.jar;C:\Users\Michal_Mordarski\.m2\repository\org\bytedeco\javacpp\1.5.3\javacpp-1.5.3-android-x86_64.jar;C:\Users\Michal_Mordarski\.m2\repository\org\bytedeco\javacpp\1.5.3\javacpp-1.5.3-ios-arm64.jar;C:\Users\Michal_Mordarski\.m2\repository\org\bytedeco\javacpp\1.5.3\javacpp-1.5.3-ios-x86_64.jar;C:\Users\Michal_Mordarski\.m2\repository\org\bytedeco\javacpp\1.5.3\javacpp-1.5.3-linux-armhf.jar;C:\Users\Michal_Mordarski\.m2\repository\org\bytedeco\javacpp\1.5.3\javacpp-1.5.3-linux-arm64.jar;C:\Users\Michal_Mordarski\.m2\repository\org\bytedeco\javacpp\1.5.3\javacpp-1.5.3-linux-ppc64le.jar;C:\Users\Michal_Mordarski\.m2\repository\org\bytedeco\javacpp\1.5.3\javacpp-1.5.3-linux-x86.jar;C:\Users\Michal_Mordarski\.m2\repository\org\bytedeco\javacpp\1.5.3\javacpp-1.5.3-linux-x86_64.jar;C:\Users\Michal_Mordarski\.m2\repository\org\bytedeco\javacpp\1.5.3\javacpp-1.5.3-macosx-x86_64.jar;C:\Users\Michal_Mordarski\.m2\repository\org\bytedeco\javacpp\1.5.3\javacpp-1.5.3-windows-x86.jar;C:\Users\Michal_Mordarski\.m2\repository\org\bytedeco\openblas\0.3.9-1-1.5.3\openblas-0.3.9-1-1.5.3.jar;C:\Users\Michal_Mordarski\.m2\repository\org\bytedeco\openblas\0.3.9-1-1.5.3\openblas-0.3.9-1-1.5.3-android-arm.jar;C:\Users\Michal_Mordarski\.m2\repository\org\bytedeco\openblas\0.3.9-1-1.5.3\openblas-0.3.9-1-1.5.3-android-arm64.jar;C:\Users\Michal_Mordarski\.m2\repository\org\bytedeco\openblas\0.3.9-1-1.5.3\openblas-0.3.9-1-1.5.3-android-x86.jar;C:\Users\Michal_Mordarski\.m2\repository\org\bytedeco\openblas\0.3.9-1-1.5.3\openblas-0.3.9-1-1.5.3-android-x86_64.jar;C:\Users\Michal_Mordarski\.m2\repository\org\bytedeco\openblas\0.3.9-1-1.5.3\openblas-0.3.9-1-1.5.3-ios-arm64.jar;C:\Users\Michal_Mordarski\.m2\repository\org\bytedeco\openblas\0.3.9-1-1.5.3\openblas-0.3.9-1-1.5.3-ios-x86_64.jar;C:\Users\Michal_Mordarski\.m2\repository\org\bytedeco\openblas\0.3.9-1-1.5.3\openblas-0.3.9-1-1.5.3-linux-x86.jar;C:\Users\Michal_Mordarski\.m2\repository\org\bytedeco\openblas\0.3.9-1-1.5.3\openblas-0.3.9-1-1.5.3-linux-x86_64.jar;C:\Users\Michal_Mordarski\.m2\repository\org\bytedeco\openblas\0.3.9-1-1.5.3\openblas-0.3.9-1-1.5.3-linux-armhf.jar;C:\Users\Michal_Mordarski\.m2\repository\org\bytedeco\openblas\0.3.9-1-1.5.3\openblas-0.3.9-1-1.5.3-linux-arm64.jar;C:\Users\Michal_Mordarski\.m2\repository\org\bytedeco\openblas\0.3.9-1-1.5.3\openblas-0.3.9-1-1.5.3-linux-ppc64le.jar;C:\Users\Michal_Mordarski\.m2\repository\org\bytedeco\openblas\0.3.9-1-1.5.3\openblas-0.3.9-1-1.5.3-macosx-x86_64.jar;C:\Users\Michal_Mordarski\.m2\repository\org\bytedeco\openblas\0.3.9-1-1.5.3\openblas-0.3.9-1-1.5.3-windows-x86.jar;C:\Users\Michal_Mordarski\.m2\repository\org\bytedeco\openblas\0.3.9-1-1.5.3\openblas-0.3.9-1-1.5.3-windows-x86_64.jar;C:\Users\Michal_Mordarski\.m2\repository\org\bytedeco\mkl-platform\2020.1-1.5.3\mkl-platform-2020.1-1.5.3.jar;C:\Users\Michal_Mordarski\.m2\repository\org\bytedeco\mkl\2020.1-1.5.3\mkl-2020.1-1.5.3.jar;C:\Users\Michal_Mordarski\.m2\repository\org\bytedeco\mkl\2020.1-1.5.3\mkl-2020.1-1.5.3-linux-x86.jar;C:\Users\Michal_Mordarski\.m2\repository\org\bytedeco\mkl\2020.1-1.5.3\mkl-2020.1-1.5.3-linux-x86_64.jar;C:\Users\Michal_Mordarski\.m2\repository\org\bytedeco\mkl\2020.1-1.5.3\mkl-2020.1-1.5.3-macosx-x86_64.jar;C:\Users\Michal_Mordarski\.m2\repository\org\bytedeco\mkl\2020.1-1.5.3\mkl-2020.1-1.5.3-windows-x86.jar;C:\Users\Michal_Mordarski\.m2\repository\org\bytedeco\mkl\2020.1-1.5.3\mkl-2020.1-1.5.3-windows-x86_64.jar;C:\Users\Michal_Mordarski\.m2\repository\org\nd4j\nd4j-native\1.0.0-beta7\nd4j-native-1.0.0-beta7.jar;C:\Users\Michal_Mordarski\.m2\repository\org\bytedeco\javacpp\1.5.3\javacpp-1.5.3-windows-x86_64.jar;C:\Users\Michal_Mordarski\.m2\repository\org\nd4j\nd4j-native\1.0.0-beta7\nd4j-native-1.0.0-beta7-android-arm.jar;C:\Users\Michal_Mordarski\.m2\repository\org\nd4j\nd4j-native\1.0.0-beta7\nd4j-native-1.0.0-beta7-android-arm64.jar;C:\Users\Michal_Mordarski\.m2\repository\org\nd4j\nd4j-native\1.0.0-beta7\nd4j-native-1.0.0-beta7-android-x86.jar;C:\Users\Michal_Mordarski\.m2\repository\org\nd4j\nd4j-native\1.0.0-beta7\nd4j-native-1.0.0-beta7-android-x86_64.jar;C:\Users\Michal_Mordarski\.m2\repository\org\nd4j\nd4j-native\1.0.0-beta7\nd4j-native-1.0.0-beta7-linux-x86_64.jar;C:\Users\Michal_Mordarski\.m2\repository\org\nd4j\nd4j-native\1.0.0-beta7\nd4j-native-1.0.0-beta7-macosx-x86_64.jar;C:\Users\Michal_Mordarski\.m2\repository\org\nd4j\nd4j-native\1.0.0-beta7\nd4j-native-1.0.0-beta7-windows-x86_64.jar;C:\Users\Michal_Mordarski\.m2\repository\org\nd4j\nd4j-native\1.0.0-beta7\nd4j-native-1.0.0-beta7-linux-ppc64le.jar;C:\Users\Michal_Mordarski\.m2\repository\org\nd4j\nd4j-native\1.0.0-beta7\nd4j-native-1.0.0-beta7-linux-armhf.jar;C:\Users\Michal_Mordarski\.m2\repository\org\slf4j\slf4j-simple\1.7.30\slf4j-simple-1.7.30.jar
Launcher Type: SUN_STANDARD

[Global flags]
     intx CICompilerCount                          = 4                                         {product} {ergonomic}
     uint ConcGCThreads                            = 3                                         {product} {ergonomic}
     uint G1ConcRefinementThreads                  = 10                                        {product} {ergonomic}
   size_t G1HeapRegionSize                         = 4194304                                   {product} {ergonomic}
    uintx GCDrainStackTargetSize                   = 64                                        {product} {ergonomic}
   size_t InitialHeapSize                          = 532676608                                 {product} {ergonomic}
   size_t MarkStackSize                            = 4194304                                   {product} {ergonomic}
   size_t MaxHeapSize                              = 8514437120                                {product} {ergonomic}
   size_t MaxNewSize                               = 5108662272                                {product} {ergonomic}
   size_t MinHeapDeltaBytes                        = 4194304                                   {product} {ergonomic}
   size_t MinHeapSize                              = 8388608                                   {product} {ergonomic}
    uintx NonNMethodCodeHeapSize                   = 5839372                                {pd product} {ergonomic}
    uintx NonProfiledCodeHeapSize                  = 122909434                              {pd product} {ergonomic}
    uintx ProfiledCodeHeapSize                     = 122909434                              {pd product} {ergonomic}
    uintx ReservedCodeCacheSize                    = 251658240                              {pd product} {ergonomic}
     bool SegmentedCodeCache                       = true                                      {product} {ergonomic}
   size_t SoftMaxHeapSize                          = 8514437120                             {manageable} {ergonomic}
     bool UseCompressedOops                        = true                           {product lp64_product} {ergonomic}
     bool UseG1GC                                  = true                                      {product} {ergonomic}
     bool UseLargePagesIndividualAllocation        = false                                  {pd product} {ergonomic}

Logging:
Log output configuration:
 #0: stdout all=warning uptime,level,tags foldmultilines=false
 #1: stderr all=off uptime,level,tags foldmultilines=false

Environment Variables:
PATH=C:\Program Files\Common Files\Oracle\Java\javapath;C:\Program Files\Microsoft MPI\Bin\;C:\Program Files\Eclipse Adoptium\jdk-17.0.6.10-hotspot\bin;C:\Program Files\Microsoft\jdk-17.0.6.10-hotspot\bin;C:\Program Files\Microsoft\jdk-11.0.16.101-hotspot\bin;C:\Windows\system32;C:\Windows;C:\Windows\System32\Wbem;C:\Windows\System32\WindowsPowerShell\v1.0\;C:\Windows\System32\OpenSSH\;C:\ProgramData\chocolatey\bin;C:\Program Files\dotnet\;C:\Program Files\Microsoft SQL Server\Client SDK\ODBC\170\Tools\Binn\;C:\Program Files\MySQL\MySQL Server 8.0\bin;C:\Program Files\nodejs\;C:\Program Files\Git\cmd;C:\Program Files\apache-maven-3.9.6\bin;C:\Program Files\MySQL\MySQL Shell 8.0\bin\;C:\Users\Michal_Mordarski\AppData\Local\Microsoft\WindowsApps;C:\Users\Michal_Mordarski\.dotnet\tools;C:\Users\Michal_Mordarski\AppData\Local\Programs\Microsoft VS Code\bin;C:\Users\Michal_Mordarski\AppData\Roaming\npm;C:\Program Files\JetBrains\IntelliJ IDEA Community Edition 2023.2.5\bin;;C:\Users\Michal_Mordarski\Downloads\apache-maven-3.9.6\bin;
USERNAME=Michal_Mordarski
OS=Windows_NT
PROCESSOR_IDENTIFIER=Intel64 Family 6 Model 141 Stepping 1, GenuineIntel
TMP=C:\Users\MICHAL~1\AppData\Local\Temp
TEMP=C:\Users\MICHAL~1\AppData\Local\Temp




Periodic native trim disabled

---------------  S Y S T E M  ---------------

OS:
 Windows 10 , 64 bit Build 19041 (10.0.19041.3636)
OS uptime: 7 days 9:15 hours

CPU: total 12 (initial active 12) (6 cores per cpu, 2 threads per core) family 6 model 141 stepping 1 microcode 0x34, cx8, cmov, fxsr, ht, mmx, 3dnowpref, sse, sse2, sse3, ssse3, sse4.1, sse4.2, popcnt, lzcnt, tsc, tscinvbit, avx, avx2, aes, erms, clmul, bmi1, bmi2, adx, avx512f, avx512dq, avx512cd, avx512bw, avx512vl, sha, fma, vzeroupper, avx512_vpopcntdq, avx512_vpclmulqdq, avx512_vaes, avx512_vnni, clflush, clflushopt, clwb, avx512_vbmi2, avx512_vbmi, rdtscp, rdpid, fsrm, gfni, avx512_bitalg, f16c, pku, cet_ibt, cet_ss, avx512_ifma
Processor Information for processor 0
  Max Mhz: 2688, Current Mhz: 896, Mhz Limit: 2688
Processor Information for processor 1
  Max Mhz: 2688, Current Mhz: 2688, Mhz Limit: 2688
Processor Information for processor 2
  Max Mhz: 2688, Current Mhz: 2688, Mhz Limit: 2688
Processor Information for processor 3
  Max Mhz: 2688, Current Mhz: 2688, Mhz Limit: 2688
Processor Information for processor 4
  Max Mhz: 2688, Current Mhz: 2688, Mhz Limit: 2688
Processor Information for processor 5
  Max Mhz: 2688, Current Mhz: 896, Mhz Limit: 2688
Processor Information for processor 6
  Max Mhz: 2688, Current Mhz: 2688, Mhz Limit: 2688
Processor Information for processor 7
  Max Mhz: 2688, Current Mhz: 896, Mhz Limit: 2688
Processor Information for processor 8
  Max Mhz: 2688, Current Mhz: 896, Mhz Limit: 2688
Processor Information for processor 9
  Max Mhz: 2688, Current Mhz: 2688, Mhz Limit: 2688
Processor Information for processor 10
  Max Mhz: 2688, Current Mhz: 2688, Mhz Limit: 2688
Processor Information for processor 11
  Max Mhz: 2688, Current Mhz: 896, Mhz Limit: 2688

Memory: 4k page, system-wide physical 32469M (20099M free)
TotalPageFile size 32469M (AvailPageFile size 14005M)
current process WorkingSet (physical memory assigned to process): 176M, peak: 176M
current process commit charge ("private bytes"): 1375M, peak: 1484M

vm_info: Java HotSpot(TM) 64-Bit Server VM (21.0.1+12-LTS-29) for windows-amd64 JRE (21.0.1+12-LTS-29), built on 2023-10-05T13:27:09Z by "mach5one" with MS VC++ 17.1 (VS2022)

END.
